Iteration	Posterior	Likelihood	Prior	rate_log_sd	rate_neo	tree_length
0	-1037.868	-1225.297	187.4295	0.9793411	0.9128615	2.35912
6	-1038.296	-1225.956	187.66	0.9188597	0.9128615	2.250563
12	-1040.499	-1228.422	187.9237	1.098421	1.254335	1.738219
18	-1041.088	-1228.719	187.6303	1.314173	2.009769	1.409108
24	-1041.136	-1228.684	187.5474	1.108005	1.12675	2.063252
30	-1028.574	-1216.718	188.1433	1.081453	0.8620606	1.860121
36	-1037.048	-1224.543	187.4948	0.9984302	1.11697	2.175194
42	-1045.091	-1233.029	187.9383	1.060168	0.9392118	1.956933
48	-1050.024	-1236.944	186.9193	0.9007059	0.8726829	2.752519
54	-1054.129	-1241.356	187.227	0.7718596	0.830928	2.671725
60	-1047.402	-1234.734	187.3316	0.6956197	1.408567	2.317325
66	-1048.929	-1236.317	187.3877	0.7395113	1.482389	2.217372
72	-1052.932	-1240.884	187.9525	0.9409144	0.8700183	2.076334
78	-1044.953	-1232.264	187.3111	1.095632	1.499601	2.026177
84	-1046.142	-1233.962	187.82	1.005237	1.00732	2.026177
90	-1042.007	-1230.089	188.0823	1.215036	0.7916161	1.866004
96	-1036.321	-1224.796	188.4748	1.428935	1.23323	1.058174
102	-1059.463	-1246.871	187.4081	0.8480851	1.059329	2.36201
108	-1073.531	-1260.529	186.9977	0.6973884	1.235433	2.613654
114	-1060.51	-1247.602	187.0919	0.8076599	1.012637	2.613654
120	-1053.817	-1242.739	188.9224	1.285046	0.8094911	1.164775
126	-1049.836	-1238.464	188.6285	1.285046	0.7510147	1.459765
132	-1054.42	-1243.088	188.6677	1.285046	0.7197653	1.459765
138	-1046.8	-1234.318	187.518	1.019464	1.232505	2.079373
144	-1042.04	-1230.029	187.9884	0.915934	0.8852207	2.058113
150	-1030.315	-1217.194	186.8787	0.915934	1.174362	2.584883
156	-1036.201	-1223.912	187.7106	0.915934	1.179013	2.051299
162	-1037.409	-1225.09	187.6815	1.144782	0.710711	2.243707
168	-1034.26	-1222.094	187.8334	1.132443	0.7522738	2.119232
174	-1039.406	-1227.212	187.8062	1.136973	1.137256	1.86369
180	-1040.69	-1229.384	188.6938	1.136973	0.6738447	1.595055
186	-1049.831	-1238.232	188.4009	1.4302	1.296236	1.076948
192	-1051.849	-1240.371	188.5216	1.215299	0.5004823	1.842634
198	-1043.808	-1231.909	188.1009	1.166787	0.8465716	1.842634
204	-1038.007	-1226.284	188.2768	1.221385	0.8960497	1.642482
210	-1038.99	-1227.426	188.4364	1.298471	1.067277	1.332723
216	-1032.794	-1221.749	188.9552	1.640238	0.7011654	0.9190308
222	-1044.148	-1232.681	188.5329	1.162136	0.5289433	1.839728
228	-1048.502	-1236.752	188.2504	1.01125	0.4813224	2.180508
234	-1037.535	-1226.302	188.7675	1.695603	0.8657688	0.8434547
240	-1041.215	-1230.436	189.2215	1.896247	0.4939104	0.577805
246	-1043.053	-1231.45	188.3969	1.896247	1.188018	0.5962166
252	-1045.72	-1234.319	188.5991	1.954653	0.9216476	0.4249823
258	-1055.948	-1244.702	188.7543	2.061477	0.6898197	0.3986499
264	-1052.027	-1240.813	188.7861	2.061477	0.6220295	0.3215243
270	-1050.664	-1239.11	188.4468	2.176847	0.7951531	0.3215243
276	-1053.592	-1241.683	188.0914	2.176847	1.130347	0.3142686
282	-1037.233	-1225.325	188.0914	2.176847	1.130347	0.3142686
288	-1030.939	-1219.534	188.5954	2.176847	0.7278305	0.4100828
294	-1042.387	-1231.411	189.0235	1.241667	0.6082059	1.334066
300	-1034.4	-1223.031	188.6303	1.259523	0.7663626	1.463487
306	-1044.475	-1233.108	188.6322	1.266363	0.8207971	1.407139
312	-1034.054	-1222.937	188.8838	2.061328	0.612212	0.4776391
318	-1037.996	-1226.598	188.602	2.061328	0.8119185	0.396066
324	-1030.077	-1218.684	188.6068	2.061328	0.8119185	0.4058083
330	-1031.135	-1219.754	188.6185	1.964329	0.8874516	0.4058083
336	-1041.813	-1230.57	188.7573	1.890662	0.8426928	0.4513672
342	-1050.188	-1238.879	188.6903	1.882109	0.9150976	0.5207475
348	-1039.061	-1228.227	189.1666	1.741162	0.5685937	0.7618653
354	-1038.923	-1227.974	189.051	1.360085	0.7533376	1.040003
360	-1033.142	-1222.04	188.8974	1.360085	0.6236519	1.322553
366	-1030.528	-1219.097	188.5687	1.406225	0.6360098	1.526992
372	-1038.581	-1228.049	189.4686	1.576965	0.3892805	0.9646559
378	-1038.114	-1227.212	189.098	1.462006	0.7109912	0.9436329
384	-1048.919	-1237.554	188.6347	1.396164	0.6683599	1.451576
390	-1044.857	-1233.014	188.157	1.223291	0.7420449	1.850578
396	-1046.154	-1234.67	188.5163	1.091401	1.076162	1.42581
402	-1038.116	-1226.507	188.3911	1.205164	0.7951668	1.654189
408	-1034.481	-1222.514	188.0335	1.182323	1.211219	1.626546
414	-1030.337	-1218.792	188.4548	1.066689	0.677794	1.810353
420	-1038.677	-1227.017	188.3404	1.169926	0.6313491	1.861641
426	-1037.932	-1225.767	187.8347	1.043408	0.9016062	2.063668
432	-1022.419	-1210.167	187.748	1.151562	1.107645	1.911858
438	-1026.59	-1214.34	187.7492	0.9894682	1.107645	2.019694
444	-1056.06	-1243.345	187.2851	1.031709	0.9016062	2.424966
450	-1043.855	-1231.606	187.7514	1.031709	0.7732198	2.221321
456	-1041.675	-1229.035	187.3603	0.9790587	1.116512	2.274751
462	-1032.034	-1220.549	188.5143	1.076836	0.6939817	1.747091
468	-1045.038	-1232.65	187.6118	1.137847	0.932669	2.126229
474	-1048.739	-1236.764	188.0254	1.244405	0.6148089	2.039164
480	-1048.018	-1236.763	188.7456	1.403851	0.676771	1.350569
486	-1052.652	-1241.339	188.6873	1.4622	0.676771	1.350569
492	-1038.058	-1226.062	188.0036	1.060105	0.922641	1.924743
498	-1037.976	-1225.547	187.5705	1.060105	1.403545	1.924743
504	-1038.213	-1226.527	188.3133	1.236392	1.024868	1.507383
510	-1051.995	-1240.646	188.6511	1.216487	0.7371665	1.507383
516	-1038.506	-1226.584	188.0778	1.285325	1.302869	1.460511
522	-1034.645	-1223.342	188.6967	1.491077	0.907069	1.083926
528	-1039.349	-1227.896	188.5471	1.454373	0.7596282	1.383784
534	-1038.49	-1227.202	188.7127	1.351451	0.7096765	1.383784
540	-1039.524	-1227.784	188.2594	1.365567	0.9688554	1.493037
546	-1033.256	-1221.728	188.4722	1.346152	0.6177138	1.65989
552	-1042.495	-1230.817	188.3219	1.283284	0.4622322	1.975869
558	-1043.515	-1232.042	188.5274	1.06524	0.6380886	1.798572
564	-1040.169	-1227.508	187.3386	1.012211	0.8832203	2.416169
570	-1039.193	-1227.21	188.0173	1.251523	0.8832203	1.813795
576	-1046.545	-1233.983	187.4383	0.9204051	0.8832203	2.411211
582	-1061.753	-1251.085	189.3322	1.649116	0.3765737	1.05343
588	-1051.446	-1240.563	189.1166	1.802505	0.4084391	1.05343
594	-1048.587	-1236.245	187.658	1.077117	0.714436	2.299131
600	-1061.093	-1250.117	189.0244	1.753959	0.6900042	0.695689
606	-1053.762	-1242.719	188.9578	1.759288	0.7334719	0.7049868
612	-1025.174	-1212.464	187.2894	0.7943091	1.119792	2.435136
618	-1022.806	-1210.67	187.8643	1.097538	1.18367	1.822423
624	-1036.334	-1223.847	187.5123	1.097538	1.638384	1.822423
630	-1036.531	-1224.961	188.43	1.097538	0.7243926	1.764115
636	-1043.009	-1231.182	188.1734	1.123766	0.9232913	1.764115
642	-1040.274	-1228.367	188.0933	1.123766	0.9975014	1.766591
648	-1045.066	-1233.818	188.7519	1.289918	0.6714641	1.440024
654	-1050.831	-1239.681	188.8495	1.196353	0.8458252	1.266525
660	-1041.484	-1230.141	188.6573	1.449877	0.8734716	1.188715
666	-1041.276	-1230.02	188.7444	1.449877	0.8916561	1.093357
672	-1037.278	-1226.354	189.0763	1.564495	0.578576	1.046619
678	-1033.665	-1222.31	188.6445	1.528054	0.8850428	1.119738
684	-1036.382	-1224.831	188.4487	1.427175	0.78848	1.453788
690	-1038.524	-1227.227	188.7032	0.9513186	0.8695316	1.549871
696	-1037.542	-1224.792	187.2507	0.8689221	0.8695316	2.570218
702	-1038.558	-1226.674	188.1165	1.189316	0.7298019	1.911757
708	-1041.656	-1230.408	188.7521	1.189316	0.7213809	1.466798
714	-1047.349	-1235.956	188.6072	1.535288	0.8453361	1.185395
720	-1033.207	-1221.383	188.175	1.093301	0.9610034	1.756688
726	-1028.587	-1216.853	188.2661	1.118193	0.8339483	1.771992
732	-1036.146	-1224.462	188.3162	1.118193	0.7909764	1.771992
738	-1030.011	-1217.807	187.7964	0.8782214	0.7607352	2.300713
744	-1046.663	-1233.575	186.9127	0.7251685	1.017056	2.77168
750	-1039.326	-1226.105	186.7789	0.880645	0.8971708	2.833938
756	-1040.581	-1228.323	187.7414	0.9368108	1.183925	2.014114
762	-1041.466	-1230.028	188.5616	1.875627	1.048304	0.5217706
768	-1044.106	-1232.585	188.4787	1.668645	1.311801	0.6893662
774	-1038.777	-1226.844	188.0671	0.99788	0.7207002	2.080154
780	-1042.404	-1230.093	187.6893	1.065035	0.7704599	2.242011
786	-1043.78	-1231.588	187.8084	0.864014	0.9640081	2.155368
792	-1045.294	-1232.591	187.2969	0.8813606	0.9640081	2.470704
798	-1044.94	-1232.211	187.2715	0.9056378	0.769629	2.606415
804	-1052.647	-1240.103	187.4561	0.9056378	0.8554756	2.428676
810	-1047.615	-1234.893	187.2787	1.011233	0.9025858	2.441206
816	-1033.777	-1222.286	188.5088	1.146644	0.906086	1.519535
822	-1029.345	-1217.737	188.3913	1.298558	0.8745349	1.519535
828	-1040.063	-1228.995	188.9316	1.308996	0.5388953	1.434758
834	-1041.399	-1229.981	188.5819	1.308996	1.218729	1.081931
840	-1043.369	-1231.603	188.2345	1.464056	1.458275	1.081931
846	-1031.302	-1219.469	188.1673	1.493869	1.085207	1.377628
852	-1018.687	-1206.959	188.2722	1.228716	0.9080018	1.631221
858	-1031.319	-1219.829	188.5102	1.110482	0.8002571	1.632342
864	-1042.226	-1230.66	188.4347	1.236085	0.7464954	1.643059
870	-1044.485	-1231.811	187.3261	1.101115	0.5035635	2.682793
876	-1053.251	-1241.071	187.8199	1.162292	1.312967	1.732152
882	-1036.105	-1224.436	188.3308	1.355681	1.255965	1.2341
888	-1040.551	-1228.731	188.1803	1.355681	1.391122	1.268321
894	-1048.69	-1236.066	187.3767	0.9345772	0.8357565	2.474377
900	-1039.227	-1226.777	187.55	1.026655	0.709533	2.403762
906	-1036.926	-1224.601	187.6755	0.9797698	1.354114	1.934282
912	-1029.934	-1217.451	187.5163	0.8265729	0.8267064	2.461108
918	-1034.932	-1222.067	187.1343	0.9484981	1.076369	2.461108
924	-1049.688	-1237.548	187.8602	1.095412	1.063591	1.901941
930	-1050.418	-1238.772	188.3547	1.354299	0.7237921	1.636073
936	-1046.221	-1234.591	188.3702	1.310404	1.152114	1.313211
942	-1060.782	-1248.689	187.9068	0.8505319	0.7761881	2.235608
948	-1051.224	-1238.752	187.5286	0.899669	0.9681625	2.309907
954	-1049.26	-1237.197	187.9366	1.209346	1.331743	1.604354
960	-1036.453	-1224.106	187.6527	1.019612	0.6982714	2.352431
966	-1038.255	-1225.869	187.6145	0.967761	0.9015789	2.256183
972	-1049.686	-1237.047	187.3612	0.9644086	0.8985762	2.421511
978	-1045.799	-1233.511	187.7123	0.9575237	0.9629977	2.157739
984	-1041.59	-1229.793	188.2027	1.072169	0.639535	2.01263
990	-1043.831	-1231.716	187.8845	1.062465	0.6345624	2.231746
996	-1044.882	-1233.38	188.4974	1.40551	0.6345624	1.581557
1002	-1047.896	-1236.071	188.1747	1.605898	0.9182227	1.414719
1008	-1041.832	-1231.041	189.2092	1.543029	0.5781515	0.9346111
1014	-1044.558	-1233.719	189.1612	1.543029	0.61094	0.9346111
1020	-1048.049	-1236.934	188.885	1.543029	0.549593	1.272855
1026	-1056.171	-1245.535	189.3645	1.557807	0.4943249	0.8926641
1032	-1049.505	-1238.23	188.7254	1.618418	0.9821523	0.8381651
1038	-1051.433	-1240.519	189.0863	1.633925	0.6443133	0.8635997
1044	-1057.172	-1245.977	188.8056	1.41981	1.051982	0.8965362
1050	-1044.162	-1232.813	188.6508	1.893904	0.9089687	0.6446496
1056	-1038.568	-1227.714	189.1464	1.893904	0.4954366	0.7367789
1062	-1039.885	-1228.916	189.0311	1.492875	0.4089258	1.388705
1068	-1053.174	-1241.466	188.2914	1.135232	1.339577	1.388705
1074	-1048.878	-1237.751	188.8724	1.198652	0.8480356	1.243486
1080	-1042.004	-1230.845	188.8405	1.300623	0.8480356	1.183897
1086	-1038.911	-1227.319	188.4072	1.540137	1.162867	1.07495
1092	-1049.38	-1237.374	187.9942	1.022738	1.256176	1.740764
1098	-1050.184	-1238.64	188.4563	1.0884	0.9288966	1.583314
1104	-1050.917	-1238.123	187.2061	0.9013362	0.7689019	2.649986
1110	-1047.104	-1235.785	188.6811	1.220478	0.6176957	1.599879
1116	-1050.139	-1238.873	188.7335	1.28377	0.7670646	1.364183
1122	-1036.326	-1224.647	188.3205	1.264393	1.009388	1.492429
1128	-1034.678	-1223.29	188.6115	1.302139	0.5675908	1.64429
1134	-1034.395	-1223.456	189.0608	1.433381	0.7680829	0.9376254
1140	-1052.653	-1240.992	188.3385	1.204126	0.7889943	1.697674
1146	-1044.227	-1233.059	188.8317	1.210631	0.9173666	1.20345
1152	-1044.702	-1233.278	188.5758	1.230505	0.5587133	1.730161
1158	-1041.778	-1230.224	188.4462	1.15712	0.7140052	1.720299
1164	-1049.277	-1238.412	189.1354	1.885525	0.5040715	0.7445924
1170	-1048.141	-1237.102	188.9608	1.379761	0.7429746	1.117782
1176	-1040.164	-1229.007	188.8429	1.357123	0.8500255	1.130043
1182	-1037.071	-1225.954	188.8827	1.280822	0.7681731	1.244481
1188	-1039.576	-1227.953	188.3768	1.081037	1.328779	1.371069
1194	-1039.7	-1228.806	189.1056	1.390472	0.6176999	1.127822
1200	-1040.483	-1229.043	188.5595	1.204978	0.9688657	1.386128
1206	-1043.709	-1231.982	188.2731	1.077353	0.9688657	1.693163
1212	-1041.202	-1229.359	188.1571	1.099676	0.9688657	1.759122
1218	-1047.744	-1236.064	188.3199	1.154658	0.6985308	1.823905
1224	-1050.803	-1239.631	188.8285	1.747347	0.6231126	1.046849
1230	-1047.002	-1235.555	188.5524	1.870977	1.061986	0.5289325
1236	-1047.182	-1235.866	188.6837	1.645781	1.151614	0.5829829
1242	-1044.289	-1232.74	188.4515	1.645276	1.192368	0.8963739
1248	-1040.092	-1228.931	188.839	1.645276	0.7053559	1.027835
1254	-1043.95	-1232.847	188.8971	1.643479	0.8180387	0.8141901
1260	-1044.094	-1232.848	188.7538	1.596385	0.7807584	1.066277
1266	-1044.301	-1233.245	188.9434	1.596385	0.5708347	1.150077
1272	-1044.621	-1233.706	189.0845	1.681237	0.5147753	1.021674
1278	-1052.33	-1241.688	189.3583	1.770427	0.29618	1.078717
1284	-1041.758	-1229.815	188.0579	1.066742	1.320074	1.626636
1290	-1042.311	-1230.301	187.9894	1.255704	1.320074	1.538578
1296	-1040.279	-1228.725	188.446	1.330733	0.7829655	1.53329
1302	-1039.062	-1227.521	188.4595	1.30336	0.9294392	1.419238
1308	-1053.78	-1241.629	187.8493	1.355296	1.340553	1.556301
1314	-1041.704	-1230.202	188.4981	1.273716	0.7813718	1.538322
1320	-1039.019	-1227.935	188.9157	1.323944	0.8181735	1.127255
1326	-1037.242	-1225.859	188.6165	1.152599	0.8595322	1.472572
1332	-1037.397	-1225.758	188.3612	1.356197	0.5965934	1.752839
1338	-1039.448	-1227.68	188.2321	1.379157	0.7895812	1.648174
1344	-1040.09	-1228.394	188.3035	1.284417	0.8094196	1.648174
1350	-1041.942	-1230.891	188.9485	1.356847	0.6718476	1.228562
1356	-1042.544	-1231.148	188.6036	1.439511	0.9397996	1.182308
1362	-1044.401	-1233.124	188.7231	1.439511	1.072672	0.9436498
1368	-1044.457	-1232.228	187.7708	1.135112	0.6948532	2.20562
1374	-1044.165	-1232.489	188.3244	0.9428402	1.091195	1.667202
1380	-1033.537	-1222.113	188.5754	1.224349	0.8058008	1.495879
1386	-1031.445	-1219.832	188.3871	1.102663	0.8836904	1.658176
1392	-1032.404	-1220.013	187.6086	1.151556	0.731603	2.2691
1398	-1040.856	-1228.464	187.6086	1.151556	0.731603	2.2691
1404	-1023.007	-1210.194	187.1875	1.03051	1.095466	2.364543
1410	-1026.634	-1215.014	188.3798	1.113746	0.9394798	1.612409
1416	-1028.161	-1216.419	188.2581	1.111368	1.053973	1.619071
1422	-1034.333	-1222.215	187.8822	1.028044	0.8857829	2.053767
1428	-1036.753	-1224.21	187.4572	1.047541	1.257434	2.087002
1434	-1038.68	-1226.543	187.8638	1.126001	0.8059677	2.06096
1440	-1036.276	-1223.915	187.6385	1.10905	1.148196	1.989136
1446	-1033.594	-1222.236	188.6414	1.216805	0.6690073	1.579764
1452	-1033.756	-1222.108	188.3524	1.220495	1.020591	1.49314
1458	-1036.745	-1224.743	187.9983	1.130657	0.995773	1.828848
1464	-1034.147	-1222.087	187.9399	1.077829	1.303417	1.712627
1470	-1030.603	-1217.959	187.356	0.904142	0.8626389	2.487415
1476	-1031.265	-1219.309	188.044	0.9667202	0.9006438	1.976239
1482	-1034.823	-1222.873	188.05	0.986507	1.135103	1.800891
1488	-1039.51	-1227.406	187.8963	1.020072	1.135103	1.883321
1494	-1041.167	-1229.475	188.3079	1.215942	0.6379565	1.846105
1500	-1039.719	-1227.504	187.7846	1.091294	0.644583	2.268453
1506	-1042.585	-1230.089	187.504	1.0671	0.8924937	2.269701
1512	-1039.35	-1227.46	188.1101	1.029963	0.7252871	2.02664
1518	-1046.736	-1233.392	186.6567	0.8489467	1.143756	2.77936
1524	-1041.754	-1229.892	188.1376	1.027855	0.7618777	1.979363
1530	-1036.452	-1225.084	188.6316	1.136795	0.8209041	1.506145
1536	-1045.403	-1233.951	188.5477	1.136795	0.6521269	1.720814
1542	-1031.982	-1220.077	188.095	1.013679	0.8583217	1.941724
1548	-1037.088	-1225.083	187.995	1.143209	0.6496681	2.093747
1554	-1034.421	-1222.785	188.3646	1.08848	0.9943309	1.600977
1560	-1041.359	-1228.782	187.4225	1.098053	0.7550835	2.40298
1566	-1046.231	-1233.736	187.5047	0.9460177	0.7493325	2.451393
1572	-1057.301	-1244.181	186.8801	0.8037663	1.014897	2.744882
1578	-1052.603	-1239.189	186.5861	0.6751626	1.014897	3.000766
1584	-1050.356	-1237.803	187.4467	0.7097308	1.06892	2.419251
1590	-1049.718	-1237.415	187.6972	1.04386	1.036501	2.062868
1596	-1059.086	-1246.599	187.513	1.197803	0.7722683	2.268548
1602	-1047.661	-1235.655	187.994	1.214716	0.9096991	1.835361
1608	-1043.333	-1231.933	188.5995	1.322095	0.8145378	1.394931
1614	-1039.923	-1228.398	188.4745	1.444476	1.154518	1.107989
1620	-1040.048	-1228.281	188.2337	1.444476	1.397593	1.142511
1626	-1041.133	-1229.919	188.786	1.446877	0.5581242	1.417816
1632	-1039.939	-1228.093	188.1543	1.446877	1.690699	1.01777
1638	-1037.918	-1226.684	188.766	1.395823	0.7784611	1.235481
1644	-1034.095	-1222.397	188.3017	1.395823	1.091735	1.344037
1650	-1039.049	-1227.675	188.6265	1.307873	0.8451645	1.357235
1656	-1041.588	-1230.071	188.4836	1.189676	1.115168	1.346062
1662	-1040.102	-1227.268	187.1658	1.169827	2.226389	1.765509
1668	-1035.554	-1223.179	187.625	1.114136	1.974482	1.57914
1674	-1039.169	-1227.42	188.2512	1.02386	0.7687309	1.899936
1680	-1037.157	-1226.245	189.0883	1.426164	0.3863896	1.429859
1686	-1039.144	-1228.332	189.1887	1.692006	0.3863896	1.128276
1692	-1041.571	-1230.395	188.8238	1.46591	0.7950198	1.106513
1698	-1035.782	-1224.331	188.5486	1.210795	0.9220054	1.427973
1704	-1037.422	-1226.129	188.7069	1.433362	0.8956436	1.138348
1710	-1034.46	-1223.454	188.9934	1.472777	0.8213897	0.8989647
1716	-1033.48	-1222.235	188.7556	1.465365	1.105461	0.8422514
1722	-1034.139	-1223.193	189.0539	1.416308	0.7569769	0.9769838
1728	-1034.194	-1223.004	188.8093	1.494672	0.8517645	1.031489
1734	-1036.942	-1225.995	189.0535	1.588322	0.5884524	1.031489
1740	-1039.938	-1228.717	188.7794	1.53502	0.7196254	1.167203
1746	-1040.224	-1229.111	188.8871	1.597166	0.8562795	0.830297
1752	-1031.236	-1220.26	189.0241	1.912981	0.6091996	0.5863474
1758	-1034.048	-1223.204	189.1555	1.989134	0.4765557	0.5863474
1764	-1035.497	-1224.611	189.1138	2.067285	0.4555975	0.5863474
1770	-1042.402	-1231.47	189.0682	1.701318	0.4055829	1.193287
1776	-1046.424	-1235.576	189.1521	1.682726	0.4779669	1.01387
1782	-1048.049	-1236.752	188.7033	1.592784	0.932617	0.9504628
1788	-1048.279	-1236.938	188.6591	1.614282	1.006469	0.8926684
1794	-1056.038	-1245.113	189.075	1.875127	0.5718068	0.6853353
1800	-1057.748	-1246.382	188.6334	2.126649	0.7492689	0.4581645
1806	-1055.36	-1244.426	189.0666	1.94009	0.5685405	0.4581645
1812	-1042.724	-1231.297	188.5735	1.951212	0.961318	0.4920795
1818	-1053.243	-1242.266	189.0231	1.995907	0.5536026	0.5890238
1824	-1055.678	-1244.778	189.0995	1.963924	0.5334553	0.5241951
1830	-1046.654	-1235.692	189.0382	1.753466	0.693389	0.6618228
1836	-1038.261	-1226.971	188.7102	1.532678	0.6506411	1.30396
1842	-1034.842	-1223.828	188.9868	1.504446	0.2931385	1.597339
1848	-1034.34	-1223.391	189.0507	1.433751	0.6761667	1.064402
1854	-1027.51	-1215.762	188.2519	1.307888	1.149121	1.410821
1860	-1047.813	-1236.587	188.774	1.229053	0.8267299	1.319215
1866	-1041.596	-1230.577	188.9811	1.522902	0.577365	1.172818
1872	-1039.739	-1227.659	187.9203	1.323388	1.037453	1.720282
1878	-1030.322	-1218.652	188.3293	1.154175	0.8120125	1.720282
1884	-1036.047	-1224.507	188.4594	1.142023	0.9680623	1.511253
1890	-1039.922	-1228.359	188.4368	1.142023	0.9903265	1.511253
1896	-1052.99	-1241.762	188.7711	1.407639	1.057178	0.942248
1902	-1044.777	-1232.81	188.0329	1.12089	1.094033	1.745517
1908	-1039.274	-1227.924	188.6506	1.092067	0.677139	1.65551
1914	-1044.795	-1232.92	188.1255	0.9664473	1.207102	1.717447
1920	-1052.936	-1240.57	187.6342	1.075382	1.018717	2.095067
1926	-1060.474	-1247.766	187.2925	0.9571666	1.42893	2.164079
1932	-1048.879	-1236.272	187.3929	1.087138	1.043349	2.228696
1938	-1045.003	-1232.472	187.4683	0.9972502	1.749083	1.870599
1944	-1048.783	-1237.049	188.2652	1.35558	0.6850803	1.734449
1950	-1056.914	-1244.58	187.6667	1.134897	1.337526	1.843742
1956	-1049.334	-1237.153	187.8191	1.134897	0.7897016	2.097217
1962	-1052.233	-1240.764	188.5304	1.513608	0.6728067	1.436926
1968	-1044.62	-1233.252	188.632	1.405043	0.8227032	1.29546
1974	-1046.461	-1235.074	188.6131	1.389277	1.024173	1.143047
1980	-1043.404	-1232.168	188.7643	1.566055	0.6713776	1.20787
1986	-1042.455	-1230.169	187.7139	1.516345	1.289451	1.567938
1992	-1046.434	-1235.071	188.6368	1.592097	1.054785	0.8894651
1998	-1049.947	-1238.684	188.7375	1.625576	0.5443623	1.332201
2004	-1057.184	-1245.665	188.481	1.265651	0.838278	1.507502
2010	-1042.751	-1231.596	188.8448	1.516895	0.5303204	1.350875
2016	-1042.68	-1230.891	188.2116	1.234868	0.9512269	1.637599
2022	-1044.281	-1231.955	187.6744	1.010231	0.9512269	2.156027
2028	-1037.773	-1225.442	187.6688	1.26025	0.8193858	2.090701
2034	-1036.615	-1224.969	188.3541	1.156312	0.997384	1.556744
2040	-1032.3	-1220.327	188.0274	1.156312	1.282149	1.606378
2046	-1043.431	-1230.844	187.4128	0.9792293	1.696705	1.94384
2052	-1062.468	-1251.029	188.5603	1.588479	1.258149	0.7589321
2058	-1057.233	-1246.21	188.9772	1.632404	0.6560471	0.9678746
2064	-1049.332	-1237.12	187.7883	1.002163	0.5153611	2.44516
2070	-1045.186	-1232.852	187.6656	0.9573301	1.297686	1.986573
2076	-1041.548	-1228.934	187.3852	0.8778303	1.083377	2.343108
2082	-1055.933	-1244.682	188.7495	1.464866	0.8845822	1.081883
2088	-1047.763	-1236.699	188.9366	1.337221	0.7984972	1.117181
2094	-1041.192	-1229.6	188.4076	1.187684	0.9456474	1.533103
2100	-1043.947	-1232.518	188.571	1.322503	0.6901343	1.533103
2106	-1056.482	-1245.185	188.7032	1.322503	0.5946832	1.533103
2112	-1067.688	-1255.975	188.2873	1.006428	1.0412	1.682272
2118	-1064.91	-1252.309	187.3995	1.064717	1.271767	2.105767
2124	-1061.239	-1249.648	188.4092	1.147585	0.7691251	1.704528
2130	-1057.225	-1244.344	187.1193	1.166491	1.097923	2.319948
2136	-1052.744	-1240.602	187.8578	1.129338	0.9251806	1.974397
2142	-1054.278	-1242.474	188.1957	1.129338	0.8457845	1.80376
2148	-1049.064	-1236.488	187.4249	0.980634	1.308705	2.124252
2154	-1050.639	-1238.478	187.8391	1.087296	0.7782694	2.124252
2160	-1052.01	-1239.764	187.7542	1.310926	1.2203	1.728309
2166	-1047.692	-1236.086	188.394	1.335148	0.7894036	1.562767
2172	-1047.942	-1236.822	188.8797	1.270444	0.7894036	1.234239
2178	-1052.166	-1240.45	188.2845	1.225162	1.095579	1.486586
2184	-1054.232	-1242.699	188.4671	1.360033	1.229712	1.131518
2190	-1049.194	-1237.548	188.3536	1.1619	0.8421655	1.672934
2196	-1057.447	-1245.96	188.5132	1.344807	0.6954936	1.554124
2202	-1044.553	-1233.517	188.9636	1.485818	0.783051	0.9657908
2208	-1042.816	-1231.898	189.0822	1.461068	0.6204021	1.081165
2214	-1049.163	-1238.154	188.991	1.391013	0.7873704	1.028207
2220	-1055.344	-1243.133	187.7887	0.9766622	1.532166	1.766407
2226	-1058.702	-1246.173	187.471	0.9446829	1.014495	2.288154
2232	-1054.924	-1243.811	188.8874	1.56437	0.6966649	1.069758
2238	-1053.128	-1242.138	189.0098	1.637252	0.4357291	1.249382
2244	-1036.694	-1225.741	189.0472	1.634976	0.4167045	1.249382
2250	-1038.676	-1227.65	188.9742	1.59109	0.7157788	0.9313771
2256	-1038.166	-1226.771	188.6053	1.343308	0.5901161	1.594755
2262	-1040.529	-1229.249	188.7204	1.439711	0.4415404	1.616388
2268	-1035.993	-1224.692	188.6989	1.439711	0.9636051	1.074342
2274	-1035.215	-1223.616	188.4012	1.242076	1.330378	1.218819
2280	-1034.578	-1222.482	187.9041	1.168637	1.444287	1.593801
2286	-1035.155	-1223.105	187.9505	1.421943	1.112075	1.577126
2292	-1040.978	-1229.577	188.5989	1.409979	1.101195	1.069911
2298	-1043.093	-1230.975	187.8825	1.261343	1.533212	1.492618
2304	-1052.502	-1240.383	187.8805	1.034864	0.7179452	2.18022
2310	-1038.651	-1226.874	188.2234	1.399669	0.9694639	1.493971
2316	-1031.296	-1219.644	188.3481	1.211321	1.033483	1.493772
2322	-1037.692	-1225.991	188.2994	0.9734171	0.7921982	1.882238
2328	-1036.108	-1223.32	187.2129	1.060951	1.267974	2.23155
2334	-1038.111	-1226.271	188.1606	1.372618	1.080735	1.479308
2340	-1040.032	-1228.776	188.7441	1.421475	0.8870952	1.124013
2346	-1044.42	-1232.85	188.4292	1.309673	0.7681523	1.574351
2352	-1052.89	-1240.95	188.0603	1.018535	0.9380505	1.903483
2358	-1043.021	-1230.709	187.688	1.104271	1.006185	2.04877
2364	-1033.527	-1221.872	188.345	1.219759	0.8261388	1.650824
2370	-1037.689	-1226.464	188.7744	1.219759	0.8261388	1.326902
2376	-1044.69	-1232.934	188.244	1.113832	0.9422065	1.707496
2382	-1046.719	-1233.932	187.2129	0.9900471	1.083661	2.381101
2388	-1053.971	-1241.965	187.9939	1.155846	1.134865	1.721963
2394	-1038.443	-1226.693	188.2503	1.151851	1.111705	1.555542
2400	-1046.309	-1234.278	187.9687	1.258095	0.6263647	2.056769
2406	-1045.859	-1234.251	188.3921	1.330423	0.8192074	1.541785
2412	-1044.375	-1232.811	188.4365	1.291171	0.8656102	1.49867
2418	-1041.936	-1230.062	188.1258	1.37633	1.304743	1.351454
2424	-1042.047	-1230.712	188.6654	1.33375	0.9105376	1.246055
2430	-1049.031	-1237.906	188.8752	1.389217	0.8119151	1.111469
2436	-1063.604	-1252.149	188.5444	1.389217	0.8610288	1.34363
2442	-1048.111	-1236.958	188.8469	1.492878	0.7423758	1.119109
2448	-1040.699	-1229.209	188.51	1.508925	1.309773	0.8717756
2454	-1045.333	-1234.07	188.737	1.739559	0.8660121	0.8263646
2460	-1036.436	-1225.337	188.9002	1.738752	0.7161615	0.8465198
2466	-1039.729	-1228.549	188.8202	1.390507	0.8046674	1.166879
2472	-1059.547	-1248.197	188.6496	1.476874	1.069178	0.9846058
2478	-1051.665	-1240.003	188.3385	1.216039	1.26484	1.335992
2484	-1048.954	-1236.417	187.4635	1.237426	0.8213105	2.237566
2490	-1041.238	-1229.715	188.4765	1.184608	0.8873804	1.530413
2496	-1046.875	-1234.272	187.3972	0.9851287	1.525386	2.029904
2502	-1050.421	-1238.239	187.8179	1.164593	1.276413	1.752997
2508	-1045.725	-1234.198	188.4725	1.302671	0.6359202	1.672425
2514	-1049.687	-1237.65	187.9629	1.19952	1.041359	1.774536
2520	-1048.704	-1237.073	188.37	1.071567	0.7819598	1.774536
2526	-1055.154	-1242.328	187.1739	1.16157	1.930809	1.88164
2532	-1045.982	-1234.83	188.8475	1.804143	0.8097545	0.6537394
2538	-1039.878	-1228.712	188.8339	1.851849	0.7911384	0.6259729
2544	-1031.132	-1219.305	188.1727	0.9959395	0.8923492	1.875623
2550	-1040.519	-1227.648	187.1293	0.8792392	1.11995	2.482239
2556	-1043.145	-1230.769	187.6239	0.9625384	0.7680361	2.351167
2562	-1046.326	-1234.296	187.9698	0.9625384	0.7680361	2.128512
2568	-1045.093	-1232.982	187.8892	0.9291697	0.8660087	2.128512
2574	-1045.472	-1232.936	187.4645	0.9867966	0.8326061	2.388558
2580	-1043.364	-1231.37	188.0066	0.8757076	1.050849	1.959621
2586	-1033.794	-1221.743	187.9488	1.081497	1.050849	1.859355
2592	-1035.847	-1224.633	188.7853	1.305267	0.4990683	1.594748
2598	-1037.155	-1226.092	188.9369	1.377178	0.5358668	1.381512
2604	-1046.864	-1233.856	186.9912	0.9065553	0.9601115	2.64751
2610	-1039.498	-1227.938	188.44	1.378267	0.9448893	1.363322
2616	-1043.341	-1231.776	188.435	1.294452	0.9448893	1.432501
2622	-1046.154	-1234.205	188.0519	1.048122	1.308887	1.650872
2628	-1043.894	-1231.603	187.7094	1.106923	0.8868098	2.114857
2634	-1051.361	-1239.501	188.14	0.9179631	0.6853326	2.114857
2640	-1044.866	-1232.507	187.6407	0.9061522	0.6201218	2.498384
2646	-1052.494	-1240.197	187.7034	1.108969	0.6946465	2.266096
2652	-1043.621	-1230.633	187.0123	1.057903	1.185881	2.406244
2658	-1048.799	-1237.303	188.5039	0.9964754	0.7526496	1.758379
2664	-1054.28	-1242.156	187.8768	1.224252	0.7533872	2.029246
2670	-1041.541	-1230.402	188.8607	1.326434	0.9441341	1.047512
2676	-1041.234	-1229.402	188.168	1.172666	0.9441341	1.718173
2682	-1062.387	-1250.957	188.5698	1.248557	0.9177185	1.385765
2688	-1059.231	-1247.68	188.4483	1.353314	0.95464	1.368476
2694	-1027.365	-1215.447	188.0813	1.219521	0.5126645	2.121039
2700	-1025.154	-1213.618	188.4643	1.153947	1.02597	1.454785
2706	-1023.983	-1212.006	188.0232	1.154206	1.02597	1.774583
2712	-1034.827	-1223.072	188.2451	1.12934	0.8516295	1.764858
2718	-1031.328	-1219.458	188.1292	1.019077	0.9894435	1.819908
2724	-1060.745	-1249.398	188.6526	1.637861	0.8905278	1.002468
2730	-1052.094	-1240.417	188.3228	1.379858	0.6740458	1.686993
2736	-1052.332	-1240.87	188.5374	1.257365	0.8368762	1.472528
2742	-1043.372	-1231.842	188.4703	1.232337	1.170485	1.281968
2748	-1050.39	-1238.883	188.4932	1.158452	0.8897161	1.535507
2754	-1047.344	-1236.271	188.9267	1.158452	0.6286108	1.451866
2760	-1046.282	-1234.25	187.9681	0.9546276	1.077341	1.915327
2766	-1048.965	-1236.352	187.3869	1.020682	1.100257	2.240572
2772	-1063.398	-1251.108	187.7096	1.178176	0.9616128	2.015358
2778	-1053.119	-1241.478	188.3587	1.322932	0.5021533	1.878529
2784	-1039.719	-1228.046	188.3265	1.252568	1.041336	1.473159
2790	-1044.91	-1232.249	187.3386	1.231551	1.462398	1.935328
2796	-1049.016	-1236.979	187.9638	1.050986	1.116028	1.82788
2802	-1035.424	-1223.652	188.2279	1.032076	1.022147	1.719365
2808	-1049.329	-1237.733	188.404	1.21384	0.5748877	1.844047
2814	-1057.354	-1245.121	187.7677	1.21384	1.126683	1.844047
2820	-1033.21	-1222.297	189.0872	1.620375	0.6005813	0.9470057
2826	-1035.853	-1224.94	189.0872	1.620375	0.6005813	0.9470057
2832	-1036.54	-1225.563	189.0225	1.612668	0.7827589	0.7398332
2838	-1039.356	-1228.243	188.8867	1.658933	0.8221204	0.8013667
2844	-1044.774	-1233.431	188.6569	1.603	1.098052	0.8013667
2850	-1028.702	-1217.608	188.9064	1.561256	0.7886851	0.9394245
2856	-1036.605	-1225.554	188.9492	1.625312	0.7487567	0.8745023
2862	-1046.625	-1235.104	188.4785	1.625312	1.29197	0.7828965
2868	-1050.885	-1239.783	188.8978	1.733245	0.8342974	0.6363874
2874	-1035.08	-1223.427	188.347	1.30722	0.8519741	1.564557
2880	-1038.762	-1227.408	188.6463	1.326847	0.8519741	1.32017
2886	-1047.522	-1236.124	188.6011	1.557733	1.229918	0.7786873
2892	-1049.897	-1238.605	188.7082	1.721816	0.9666314	0.7420508
2898	-1053.637	-1242.423	188.7856	1.633553	0.9298868	0.8110921
2904	-1042.457	-1231.099	188.6428	1.664747	0.9962099	0.8648784
2910	-1054.997	-1243.733	188.7359	1.664747	0.9025413	0.8700294
2916	-1051.548	-1239.797	188.2495	1.817597	1.308242	0.814119
2922	-1046.457	-1235.088	188.6304	1.817597	1.001615	0.6463328
2928	-1050.312	-1239.051	188.7398	1.813096	0.861241	0.7263069
2934	-1043.135	-1231.995	188.8593	1.813096	0.7902076	0.6586287
2940	-1033.115	-1221.943	188.8278	1.949431	0.7276532	0.587212
2946	-1032.141	-1221.038	188.8971	1.749572	0.8362641	0.587212
2952	-1046.11	-1235.057	188.9471	1.755744	0.7211034	0.7526689
2958	-1050.153	-1239.189	189.0357	1.741989	0.70095	0.6701274
2964	-1050.971	-1239.705	188.734	1.64408	0.8713008	0.9337501
2970	-1049.362	-1238.424	189.0619	1.64408	0.6103228	0.9337501
2976	-1048.121	-1236.339	188.2179	1.64408	1.458388	0.9180412
2982	-1049.371	-1238.222	188.8503	1.66056	0.7779188	0.9064132
2988	-1049.653	-1237.994	188.3405	1.733121	1.235862	0.8798561
2994	-1049.371	-1238.284	188.9129	1.705097	0.8211618	0.6932452
3000	-1039.723	-1228.635	188.9121	1.548834	0.8572548	0.8575445
3006	-1048.34	-1237.054	188.714	1.780582	0.8572548	0.8158037
3012	-1044.824	-1232.969	188.1448	1.445422	1.192007	1.357204
3018	-1044.93	-1233.476	188.5463	1.445422	1.257713	0.9497911
3024	-1046.507	-1235.206	188.6983	1.99225	0.7881768	0.3946356
3030	-1051.742	-1240.385	188.6429	1.819859	0.9153266	0.772893
3036	-1044.776	-1233.465	188.6895	1.86773	0.9156808	0.5930459
3042	-1044.648	-1233.613	188.9657	1.773924	0.5766875	0.9504322
3048	-1040.603	-1229.732	189.1284	1.792845	0.5766875	0.7224783
3054	-1038.787	-1227.525	188.7383	1.471466	0.7403212	1.234464
3060	-1043.044	-1231.913	188.8692	1.57542	0.9024616	0.8160618
3066	-1038.486	-1227.202	188.7168	1.443915	1.042549	0.9758056
3072	-1051.421	-1240.24	188.8188	1.839633	0.5396969	1.085949
3078	-1043.563	-1232.484	188.9207	1.599324	0.7561102	0.9255396
3084	-1043.631	-1232.532	188.9013	1.47801	0.8770194	0.9255396
3090	-1046.223	-1235.301	189.0779	1.764373	0.6702418	0.6160623
3096	-1045.297	-1234.324	189.0265	1.78947	0.6888039	0.6201869
3102	-1031.427	-1220.252	188.8249	1.872907	0.7829569	0.6201869
3108	-1033.807	-1222.916	189.1082	1.548337	0.6973755	0.8546902
3114	-1039.33	-1228.015	188.6847	1.583279	1.003367	0.9022186
3120	-1042.492	-1230.854	188.3624	1.454588	1.116254	1.227701
3126	-1031.693	-1220.367	188.6746	1.418082	0.8393608	1.233601
3132	-1044.159	-1232.413	188.2534	1.418082	1.384432	1.157434
3138	-1041.812	-1230.582	188.77	1.467747	0.79087	1.157434
3144	-1041.765	-1230.578	188.8134	1.569452	0.79087	1.023326
3150	-1046.506	-1235.362	188.8558	1.375797	0.7940428	1.159559
3156	-1044.757	-1233.303	188.5462	1.474329	1.212214	0.9602856
3162	-1037.713	-1226.207	188.4944	1.426607	1.05496	1.188095
3168	-1043.603	-1232.236	188.6326	1.477492	1.046123	1.023046
3174	-1049.183	-1237.764	188.5807	1.481568	0.8118814	1.285163
3180	-1040.829	-1229.073	188.2437	1.229203	1.37013	1.332931
3186	-1045.305	-1233.832	188.5271	1.23194	1.036388	1.337164
3192	-1048.675	-1237.354	188.6792	1.393429	1.019986	1.082968
3198	-1055.174	-1244.173	188.9991	1.4631	0.5977946	1.182991
3204	-1048.201	-1237.321	189.1195	1.530596	0.6439832	0.9427543
3210	-1053.109	-1242.205	189.0961	1.45984	0.6501685	1.029684
3216	-1048.75	-1237.737	188.987	1.410046	0.8314406	0.9612606
3222	-1041.733	-1230.716	188.9828	1.473596	0.8314406	0.8969367
3228	-1036.375	-1224.924	188.5486	1.486451	1.263892	0.8969367
3234	-1041.756	-1230.612	188.8561	1.55571	0.8900953	0.8727971
3240	-1046.421	-1234.498	188.0766	1.631114	2.018028	0.5888392
3246	-1035.243	-1224.127	188.8842	1.900883	0.7210445	0.5888392
3252	-1037.892	-1226.859	188.9676	1.809723	0.7287512	0.5821671
3258	-1046.099	-1234.686	188.5874	1.809723	1.076614	0.588227
3264	-1051.965	-1240.885	188.92	1.737272	0.8381191	0.5223261
3270	-1044.955	-1233.858	188.9025	1.568605	0.7381133	0.9997474
3276	-1047.118	-1236.027	188.9097	1.587596	0.7381133	0.9731881
3282	-1048.58	-1237.316	188.7363	1.647484	0.9530618	0.8254788
3288	-1046.32	-1235.311	188.9909	1.647484	0.729887	0.8254788
3294	-1036.882	-1225.875	188.9928	1.572287	0.818036	0.7813985
3300	-1034.41	-1223.513	189.1028	1.572287	0.768459	0.7029195
3306	-1038.266	-1227.416	189.1494	1.759268	0.6371531	0.5341042
3312	-1048.928	-1237.51	188.5817	2.128731	0.7627578	0.3764039
3318	-1047.277	-1236.023	188.7467	1.855269	0.8768567	0.4241196
3324	-1054.19	-1243.342	189.1521	2.063205	0.4438654	0.5042561
3330	-1065.876	-1254.683	188.807	1.340937	0.4774408	1.579418
3336	-1051.78	-1240.811	189.0309	1.42374	0.4514039	1.381955
3342	-1048.896	-1236.943	188.0468	2.273594	0.8738623	0.2063591
3348	-1047.217	-1235.051	187.8342	2.512968	0.8738623	0.2161587
3354	-1044.68	-1232.716	188.0364	2.470416	0.7117556	0.2040475
3360	-1037.312	-1225.269	187.9572	2.547361	0.7240649	0.2087897
3366	-1039.201	-1227.239	188.0376	2.505258	0.6834917	0.2037683
3372	-1044.034	-1232	187.9651	2.505258	0.7710879	0.2177789
3378	-1042.931	-1230.321	187.3904	2.505258	1.28456	0.1950032
3384	-1056.448	-1245.369	188.9212	1.366093	0.6001544	1.325605
3390	-1033.13	-1221.057	187.9271	2.535211	0.7693801	0.2139221
3396	-1033.202	-1220.844	187.6423	2.514718	1.011734	0.1998229
3402	-1030.206	-1217.952	187.7456	2.411446	1.011734	0.1998229
3408	-1045.836	-1233.526	187.6906	2.411446	0.9795475	0.1738488
3414	-1049.634	-1237.654	188.0199	2.411446	0.8086696	0.2200151
3420	-1046.799	-1235.449	188.6498	1.590145	1.149236	0.7640909
3426	-1049.284	-1238.219	188.9357	1.590145	0.8865459	0.7248122
3432	-1052.074	-1241.03	188.9555	1.590145	0.8865459	0.6910489
3438	-1051.178	-1240.082	188.9039	1.819788	0.7799629	0.537293
3444	-1052.53	-1241.77	189.2399	1.861985	0.4958022	0.6169479
3450	-1046.411	-1234.886	188.4748	1.897758	1.109562	0.5643544
3456	-1043.325	-1232.149	188.8232	1.897758	0.772248	0.5907567
3462	-1037.654	-1226.245	188.5911	1.64695	1.148578	0.7676697
3468	-1039.582	-1228.173	188.5912	1.56461	1.161441	0.8595468
3474	-1040.478	-1228.857	188.3787	1.625046	1.307204	0.8917885
3480	-1030.552	-1219.245	188.6928	1.552467	0.9609666	0.9726206
3486	-1041.872	-1230.402	188.5303	1.558593	1.032865	1.055858
3492	-1046.143	-1235.141	188.9984	1.752884	0.7576702	0.4682717
3498	-1037.811	-1226.879	189.0681	1.910311	0.5807095	0.5875706
3504	-1038.615	-1227.473	188.8588	1.737165	0.8339602	0.7061411
3510	-1048.85	-1237.37	188.52	2.105295	0.7974916	0.3255919
3516	-1044.439	-1233.452	189.0134	1.855884	0.5448731	0.8596997
3522	-1040.689	-1229.805	189.1167	1.661192	0.5680904	0.9231867
3528	-1042.4	-1231.159	188.7584	1.704761	0.9324123	0.7458451
3534	-1053.763	-1242.408	188.6442	2.024781	0.8218797	0.4396474
3540	-1045.864	-1234.905	189.0413	2.024781	0.5319835	0.5208595
3546	-1054.916	-1243.595	188.6789	2.024781	0.7982664	0.5208595
3552	-1048.262	-1236.944	188.6825	1.996423	0.8122392	0.4353834
3558	-1037.328	-1225.837	188.5089	2.024053	0.9446174	0.4353834
3564	-1042.583	-1231.657	189.0743	2.080066	0.4697328	0.4172841
3570	-1030.879	-1219.835	188.956	2.21074	0.4697328	0.4621902
3576	-1028.131	-1217.216	189.0856	2.002689	0.4854611	0.6840523
3582	-1034.646	-1223.726	189.0806	2.002689	0.4950718	0.6623855
3588	-1040.037	-1229.025	188.9879	1.758685	0.7188474	0.6854163
3594	-1043.294	-1232.061	188.7672	1.852628	0.7978213	0.7357122
3600	-1032.603	-1221.268	188.6656	1.852628	0.9284991	0.656713
3606	-1031.572	-1220.536	188.9639	1.903509	0.6391071	0.656713
3612	-1044.607	-1233.169	188.5624	1.910803	0.9650102	0.6708583
3618	-1051.146	-1240.576	189.4295	1.913798	0.3381126	0.7268718
3624	-1045.169	-1233.192	188.0226	1.094421	0.9499427	1.869054
3630	-1043.483	-1231.467	187.9845	1.132574	0.9499427	1.869054
3636	-1045.151	-1233.513	188.3621	1.140438	1.083643	1.50038
3642	-1050.394	-1238.088	187.6943	1.16209	1.57275	1.681856
3648	-1040.248	-1228.212	187.9638	1.03337	0.9406791	1.956745
3654	-1035.021	-1223.293	188.2716	1.288532	1.248177	1.342739
3660	-1039.638	-1227.941	188.3032	1.136415	0.9490634	1.644143
3666	-1039.868	-1227.264	187.3961	1.136415	1.162018	2.123032
3672	-1031.594	-1219.59	187.9955	1.306618	0.8638944	1.805566
3678	-1039.123	-1227.548	188.4246	1.023869	0.7397907	1.805566
3684	-1032.234	-1220.491	188.2569	1.09092	0.823592	1.805566
3690	-1030.239	-1218.032	187.7927	1.119649	0.774052	2.136808
3696	-1037.753	-1225.537	187.7836	1.030742	1.030868	2.017995
3702	-1049.263	-1234.843	185.5796	3.504471	0.8039075	0.03965046
3708	-1048.343	-1233.8	185.4565	3.56934	0.7720077	0.03573002
3714	-1033.846	-1221.973	188.1267	1.040028	1.16005	1.693864
3720	-1036.122	-1224.195	188.0728	1.102693	0.956598	1.824268
3726	-1043.32	-1231.348	188.0286	0.9507222	0.8611621	2.026081
3732	-1038.02	-1223.43	185.4101	3.5313	0.9095255	0.03862809
3738	-1038.892	-1223.968	185.0758	3.5313	1.24736	0.03807176
3744	-1034.122	-1219.914	185.7922	3.5313	0.7563587	0.04841784
3750	-1035.532	-1221.429	185.8975	3.5313	0.5761941	0.04158166
3756	-1028.422	-1214.039	185.617	3.5313	0.7783485	0.04113859
3762	-1025.01	-1210.63	185.6202	3.5313	0.7573178	0.04014781
3768	-1029.725	-1215.328	185.603	3.548572	0.7573178	0.04014781
3774	-1031.781	-1216.719	184.9387	3.548572	1.132403	0.0300451
3780	-1034.361	-1219.426	185.0647	3.548572	1.062934	0.03207141
3786	-1038.25	-1223.333	185.0834	3.633701	0.9788665	0.03280186
3792	-1032.012	-1217.303	185.291	3.58772	0.9788665	0.03903687
3798	-1033.211	-1218.836	185.6244	3.58772	0.7321669	0.04145106
3804	-1039.35	-1224.697	185.3473	3.474545	0.9750447	0.03655656
3810	-1039.346	-1224.608	185.2626	3.528014	1.063148	0.03882322
3816	-1030.514	-1216.078	185.5645	3.528014	0.7804684	0.03882322
3822	-1035.092	-1220.422	185.3307	3.567448	0.9395787	0.03815779
3828	-1031.194	-1216.396	185.2013	3.582496	1.01703	0.0367177
3834	-1037.795	-1223.132	185.3365	3.445031	1.105548	0.04014432
3840	-1044.9	-1229.879	184.979	3.565516	1.315135	0.03780621
3846	-1039.406	-1224.717	185.3114	3.565516	0.850166	0.03358488
3852	-1034.777	-1220.353	185.5759	3.565516	0.8239463	0.04329647
3858	-1028.725	-1214.317	185.5918	3.565516	0.8020522	0.04284591
3864	-1029.971	-1214.869	184.8985	3.565516	1.24318	0.03251656
3870	-1043.344	-1228.722	185.3778	3.562971	1.004808	0.04297435
3876	-1047.649	-1233.345	185.6956	3.539232	0.7262952	0.04214496
3882	-1043.788	-1229.331	185.543	3.479965	0.9081825	0.04214496
3888	-1046.187	-1231.795	185.6078	3.479965	0.8106197	0.0401504
3894	-1040.203	-1225.686	185.4825	3.519065	0.8848287	0.04005434
3900	-1038.539	-1226.616	188.077	2.027488	1.409246	0.3996813
3906	-1036.155	-1224.444	188.2893	2.229747	0.9161069	0.3541517
3912	-1045.669	-1231.311	185.6415	3.493908	0.7566546	0.03941486
3918	-1046.288	-1231.925	185.637	3.493908	0.8074575	0.04191422
3924	-1046.29	-1234.487	188.1977	2.283762	0.8370259	0.2578062
3930	-1036.958	-1225.155	188.1977	2.283762	0.8370259	0.2578062
3936	-1036.252	-1224.444	188.1923	2.283762	0.8973204	0.295889
3942	-1043.542	-1231.782	188.2403	2.2211	0.8971924	0.2856428
3948	-1029.51	-1217.434	187.9239	2.2211	1.220514	0.2822425
3954	-1026.453	-1214.339	187.8868	2.153345	1.301912	0.2605497
3960	-1035.417	-1221.14	185.7229	3.37684	0.9805052	0.04984216
3966	-1038.956	-1224.949	185.9928	3.18761	1.101556	0.06229886
3972	-1032.921	-1218.91	185.989	3.252252	0.9482717	0.0562632
3978	-1051.447	-1237.45	186.0036	3.237577	0.9482717	0.0562632
3984	-1048.536	-1236.838	188.3016	2.153345	0.876611	0.2676945
3990	-1046.036	-1234.028	187.9921	2.263593	1.077633	0.2710753
3996	-1041.497	-1229.423	187.9257	2.266726	1.116712	0.2561054
4002	-1049.966	-1237.735	187.7693	2.368913	1.07585	0.2151591
4008	-1041.93	-1230.247	188.3171	2.179997	0.8360709	0.2657823
4014	-1051.297	-1238.014	186.7175	2.92253	0.9692804	0.09202784
4020	-1056.551	-1243.124	186.5729	2.967285	1.098069	0.09500284
4026	-1054.402	-1240.984	186.5827	2.875431	1.237484	0.1001019
4032	-1054.337	-1241.021	186.6835	2.927805	1.104421	0.1045911
4038	-1053.801	-1240.516	186.7149	2.904028	1.110127	0.1063194
4044	-1044.755	-1232.623	187.8673	2.192647	1.315046	0.2784069
4050	-1045.17	-1233.173	188.0032	2.234446	0.9991649	0.2249242
4056	-1041.796	-1229.812	188.0157	2.227726	1.086866	0.2689517
4062	-1043.051	-1231.418	188.3672	2.103407	0.993136	0.4027546
4068	-1046.124	-1235.076	188.9519	2.074256	0.5551786	0.453636
4074	-1038.605	-1226.263	187.6573	2.542397	0.83425	0.1591811
4080	-1033.39	-1220.755	187.365	2.542397	1.156449	0.1671183
4086	-1054.707	-1242.066	187.3588	2.566737	1.156449	0.1717731
4092	-1045.723	-1233.351	187.6279	2.566737	0.8961085	0.1751959
4098	-1050.561	-1238.286	187.7245	2.566737	0.77695	0.164977
4104	-1043.724	-1232.968	189.2436	1.873421	0.4785609	0.6498735
4110	-1048.997	-1238.083	189.0862	1.873421	0.5881009	0.6112624
4116	-1047.595	-1236.438	188.8431	1.846818	0.7895306	0.6202965
4122	-1035.461	-1223.394	187.933	2.614498	0.6357163	0.184658
4128	-1036.593	-1224.136	187.5425	2.645412	0.8829466	0.1696571
4134	-1048.13	-1235.122	186.9917	2.645412	1.349205	0.1430051
4140	-1047.637	-1235.398	187.7614	2.678565	0.6915816	0.1756727
4146	-1046.665	-1234.374	187.709	2.678565	0.7008073	0.1652416
4152	-1040.569	-1227.888	187.3193	2.623517	1.07528	0.1576591
4158	-1038.082	-1225.963	187.8807	2.623517	0.6835251	0.1911898
4164	-1044.998	-1232.742	187.7447	2.623517	0.7920457	0.1911898
4170	-1047.469	-1236.213	188.7449	1.496787	0.8129115	1.130873
4176	-1045.146	-1234.509	189.363	1.498221	0.35099	1.208355
4182	-1045.485	-1234.645	189.1598	1.676713	0.4005041	1.143183
4188	-1046.341	-1235.492	189.1507	1.676713	0.5446538	0.9082332
4194	-1051.451	-1240.363	188.9115	1.676713	0.6963667	0.9337438
4200	-1056.33	-1244.141	187.8111	2.433408	1.022143	0.2376496
4206	-1055.042	-1243.024	187.9813	2.433408	0.85975	0.2376496
4212	-1030.236	-1219.279	189.0429	1.490014	0.7249824	0.953317
4218	-1027.581	-1216.142	188.5611	1.164861	0.8282547	1.531498
4224	-1039.362	-1227.756	188.3939	1.497156	0.6935798	1.531498
4230	-1044.885	-1233.129	188.2446	2.067301	1.164516	0.4100373
4236	-1051.661	-1239.91	188.2495	2.067301	1.164516	0.4221683
4242	-1039.377	-1227.968	188.5911	1.699447	1.174071	0.6358196
4248	-1035.9	-1224.914	189.0135	1.998638	0.5594819	0.5813892
4254	-1043.495	-1232.374	188.8788	2.114483	0.5594819	0.6347868
4260	-1037.554	-1226.259	188.7051	1.667787	1.020455	0.7468011
4266	-1038.179	-1226.783	188.6038	1.667787	1.005944	0.8953166
4272	-1044.566	-1233.268	188.7018	1.196101	0.789742	1.435803
4278	-1039.943	-1228.36	188.4172	1.179785	0.9550218	1.524593
4284	-1039.15	-1227.317	188.1669	1.179785	1.071504	1.623443
4290	-1035.731	-1223.878	188.1468	1.115569	1.071579	1.683804
4296	-1047.836	-1236.044	188.2085	1.346548	0.7949555	1.683804
