Iteration	Posterior	Likelihood	Prior	rate_log_sd	rate_neo	tree_length
0	-1040.512	-1228.389	187.8768	1.11731	0.5457656	2.285453
6	-1040.066	-1227.713	187.6465	1.151384	1.086457	1.993482
12	-1030.109	-1218.512	188.4027	1.450254	1.540013	0.8597376
18	-1030.921	-1219.501	188.5797	1.65808	0.7753253	1.173717
24	-1031.715	-1220.854	189.1392	1.65808	0.5906224	0.8629986
30	-1028.743	-1217.59	188.847	1.492158	0.7660678	1.09304
36	-1029.493	-1218.035	188.5413	1.492158	1.05534	1.087374
42	-1033.872	-1222.007	188.135	1.3248	1.433755	1.303861
48	-1023.655	-1212.316	188.6604	1.235771	0.7909249	1.436079
54	-1026.658	-1215.153	188.4947	1.237523	0.867028	1.494056
60	-1037.427	-1225.504	188.0777	1.211578	1.339229	1.494056
66	-1027.081	-1215.884	188.8027	1.451423	0.8185435	1.113779
72	-1031.099	-1219.913	188.8139	1.374008	1.035694	0.954483
78	-1037.773	-1226.485	188.7123	1.352951	1.035694	1.075543
84	-1043.895	-1232.922	189.0273	1.589079	0.7207517	0.866653
90	-1030.687	-1219.946	189.2591	1.611857	0.5087464	0.9233592
96	-1040.907	-1230.053	189.1462	1.734409	0.5073507	0.9153315
102	-1049.61	-1237.537	187.9272	1.060663	1.30309	1.733853
108	-1044.243	-1232.242	187.999	1.045255	0.7937452	2.034483
114	-1039.321	-1228.133	188.8127	1.34329	0.7160684	1.304114
120	-1040.291	-1227.664	187.3732	0.9673579	0.6821239	2.573881
126	-1039.548	-1227.666	188.1185	0.9182056	1.352614	1.670987
132	-1049.046	-1237.778	188.7315	1.159777	1.068654	1.202426
138	-1049.245	-1238.019	188.7735	1.27942	0.8383437	1.26768
144	-1045.943	-1233.49	187.5461	0.9440664	0.9524012	2.280772
150	-1058.318	-1245.782	187.4634	1.026722	0.9524012	2.280772
156	-1060.066	-1247.569	187.5023	0.8201537	0.7385135	2.540015
162	-1051.219	-1239.341	188.1223	1.190602	1.326919	1.48375
168	-1050.984	-1239.398	188.4141	1.310941	1.326919	1.150477
174	-1040.463	-1229.884	189.421	1.50189	0.3357428	1.183304
180	-1035.557	-1224.801	189.2444	1.759286	0.3261043	1.130696
186	-1040.61	-1229.734	189.124	1.798158	0.5202498	0.842809
192	-1042.526	-1231.723	189.1966	1.788877	0.3273576	1.144547
198	-1045.702	-1234.441	188.7392	1.974358	0.3146623	1.392814
204	-1047.021	-1235.92	188.8988	1.974358	0.6418916	0.6353795
210	-1054.375	-1242.457	188.0821	1.0869	0.769859	1.970458
216	-1055.048	-1242.869	187.8209	1.061592	1.234862	1.846499
222	-1050.553	-1238.023	187.4703	1.090411	1.373237	1.987566
228	-1041.626	-1230.004	188.3776	1.217608	0.8659725	1.596211
234	-1043.593	-1231.955	188.3622	1.177968	1.050723	1.495648
240	-1042.809	-1231.073	188.2635	1.286454	0.9406792	1.57035
246	-1053.655	-1241.668	188.0125	1.310494	1.356325	1.458257
252	-1061.257	-1249.139	187.8823	1.376852	1.288736	1.547086
258	-1060.626	-1249.089	188.4625	1.279385	0.953923	1.415628
264	-1061.482	-1250.234	188.7522	1.834881	0.7470253	0.8622067
270	-1050.645	-1239.712	189.0665	1.809961	0.6418703	0.6276712
276	-1046.514	-1235.546	189.0327	1.964891	0.5756665	0.5332368
282	-1044.993	-1233.997	189.0038	2.188777	0.4528594	0.4443337
288	-1042.849	-1231.506	188.6567	1.966143	0.8266456	0.359992
294	-1045.281	-1233.543	188.2622	1.978235	1.199407	0.3471885
300	-1057.04	-1245.776	188.7359	1.419608	0.8845125	1.135557
306	-1043.985	-1232.174	188.1897	1.419608	1.424045	1.184995
312	-1056.008	-1244.966	188.9576	1.314179	0.8849493	1.026894
318	-1043.924	-1232.312	188.3873	1.102167	1.105812	1.494606
324	-1046.019	-1234.23	188.2106	1.099387	0.9441343	1.739794
330	-1041.874	-1229.895	188.0203	1.070991	1.048583	1.818969
336	-1034.675	-1222.428	187.7527	1.105895	1.120454	1.931545
342	-1035.269	-1222.369	187.1001	1.00714	1.389525	2.275628
348	-1030.347	-1218.548	188.201	1.077616	1.267183	1.545969
354	-1038.891	-1226.823	187.9321	1.379849	0.9679341	1.721065
360	-1045.634	-1234.421	188.7879	1.430531	0.8103249	1.154249
366	-1040.141	-1228.456	188.3146	1.281522	1.081044	1.431238
372	-1031.706	-1220.429	188.7238	1.382444	0.846815	1.215
378	-1039.154	-1227.556	188.4017	1.163027	0.7399044	1.724353
384	-1048.297	-1236.342	188.0452	1.307427	1.157953	1.561021
390	-1055.625	-1244.962	189.3369	1.777783	0.4300764	0.7941603
396	-1048.928	-1237.97	189.042	1.761605	0.6390793	0.7647694
402	-1039.926	-1228.927	189.0007	1.678733	0.7623873	0.7081161
408	-1040.659	-1229.76	189.1004	2.148119	0.4240101	0.4623469
414	-1038.097	-1227.134	189.0371	1.993451	0.554834	0.4808659
420	-1044.057	-1232.567	188.51	1.194827	0.548453	1.811905
426	-1051.953	-1240.263	188.3099	1.230042	0.9148314	1.597684
432	-1052.73	-1240.724	187.9949	1.241065	1.324745	1.542539
438	-1055.857	-1244.35	188.4928	1.219643	0.6177301	1.734963
444	-1057.445	-1246.201	188.7568	1.625753	0.8249202	0.9838256
450	-1051.397	-1240.327	188.9301	1.552973	0.8249202	0.8748645
456	-1042.066	-1230.498	188.4321	1.552973	1.072077	1.117089
462	-1051.227	-1239.502	188.275	1.405818	1.213844	1.268651
468	-1052.26	-1240.172	187.9119	1.277061	1.297526	1.593313
474	-1048.071	-1235.866	187.7945	0.9642861	0.9438491	2.112571
480	-1042.48	-1231.173	188.6924	1.292313	0.7209372	1.434175
486	-1052.128	-1240.921	188.7934	1.192254	0.8909383	1.274848
492	-1055.708	-1244.364	188.6555	1.314629	0.9052959	1.274848
498	-1053.631	-1242.287	188.6555	1.28884	1.119258	1.114075
504	-1048.607	-1237.201	188.594	1.788206	1.071049	0.6421279
510	-1043.715	-1232.768	189.053	1.807833	0.5992875	0.763832
516	-1043.826	-1232.522	188.6961	1.663697	1.021996	0.763832
522	-1040.915	-1229.875	188.959	1.55156	0.7766763	0.9083783
528	-1039.773	-1228.41	188.6367	1.327436	0.8498026	1.329312
534	-1043.869	-1232.671	188.8016	1.468497	0.715335	1.210173
540	-1047.158	-1235.975	188.8179	1.434331	0.481837	1.496612
546	-1039.702	-1228.282	188.5806	1.263144	0.8739657	1.403029
552	-1037.84	-1226.637	188.7969	1.467702	0.6319178	1.307398
558	-1031.074	-1220.031	188.9575	1.435315	0.6319178	1.200702
564	-1029.544	-1218.217	188.673	1.353667	0.8489477	1.279427
570	-1031.843	-1220.504	188.6604	1.304084	0.6418723	1.528707
576	-1035.182	-1223.342	188.1592	1.35973	1.027029	1.528707
582	-1037.955	-1226.92	188.9646	1.344055	0.8122156	1.070288
588	-1040.001	-1228.486	188.485	1.290273	1.298189	1.126589
594	-1026.686	-1215.001	188.3153	1.257094	0.945529	1.55012
600	-1027.987	-1216.4	188.4125	1.169731	0.8429917	1.624389
606	-1032.942	-1220.948	188.0053	1.113063	1.04027	1.805875
612	-1037.759	-1225.967	188.2078	1.105941	0.7380091	1.899353
618	-1036.042	-1223.961	187.9184	1.200897	0.7802837	1.995283
624	-1044.968	-1233.616	188.6473	1.265259	0.3903306	1.857834
630	-1042.518	-1231.258	188.7398	1.090284	0.6517177	1.617272
636	-1042.995	-1231.528	188.533	1.310144	0.5216029	1.745142
642	-1035.14	-1222.811	187.6717	1.14916	1.348491	1.824503
648	-1032.084	-1220.33	188.246	1.073285	0.9402561	1.736078
654	-1034.341	-1222.087	187.7464	1.103426	0.5761896	2.347835
660	-1030.934	-1218.434	187.4999	1.090549	1.093445	2.126102
666	-1034.822	-1222.992	188.1706	1.215393	0.862249	1.748478
672	-1029.544	-1218.432	188.8884	1.240109	0.7652951	1.276365
678	-1025.354	-1213.549	188.1949	1.18052	0.856168	1.760581
684	-1023.394	-1211.685	188.2909	1.079141	0.856168	1.764388
690	-1035.448	-1223.261	187.813	1.084517	1.146235	1.889301
696	-1034.072	-1222.931	188.8598	1.032365	0.638472	1.585445
702	-1027.205	-1214.655	187.4504	0.9730075	0.9668741	2.313904
708	-1026.087	-1214.728	188.6409	1.181109	0.6796801	1.595773
714	-1020.446	-1208.783	188.337	1.121058	0.7613493	1.78042
720	-1037.151	-1225.425	188.2741	1.437606	0.5737627	1.78042
726	-1033.918	-1222.546	188.6277	1.298547	0.4659186	1.752018
732	-1035.722	-1224.889	189.1671	1.422711	0.4718341	1.243881
738	-1038.133	-1226.752	188.6183	1.38035	0.8405327	1.310042
744	-1044.786	-1233.169	188.3824	2.260278	0.8070989	0.3563203
750	-1044.942	-1233.503	188.5613	2.175294	0.7395685	0.3726957
756	-1036.614	-1225.178	188.5641	2.188015	0.7520567	0.4386818
762	-1042.812	-1231.622	188.809	1.316103	0.7198539	1.325135
768	-1047.291	-1235.737	188.446	1.232156	0.9904489	1.435974
774	-1053.224	-1241.826	188.6012	2.175378	0.6788045	0.3279253
780	-1047.069	-1235.477	188.4082	2.14207	0.9001795	0.3729244
786	-1053.652	-1241.89	188.2385	2.127313	1.007758	0.2991389
792	-1043.289	-1231.531	188.2422	2.247669	0.9118449	0.3194956
798	-1033.398	-1221.737	188.3385	2.183561	0.8822207	0.3194956
804	-1036.042	-1224.021	187.9781	2.183561	1.261842	0.3215692
810	-1042.631	-1230.341	187.7098	2.301135	1.261842	0.2305499
816	-1046.169	-1233.865	187.6956	2.323873	1.261842	0.2342528
822	-1043.198	-1231.087	187.8886	2.32364	1.064405	0.2416334
828	-1047.587	-1235.872	188.2847	2.475591	0.6269991	0.2650335
834	-1057.495	-1246.553	189.0583	2.046309	0.5074916	0.471586
840	-1051.324	-1239.941	188.6168	2.126467	0.7477331	0.4014537
846	-1047.37	-1235.332	187.9617	2.110979	1.452152	0.4014537
852	-1055.903	-1244.344	188.4405	2.110979	0.9111277	0.3943277
858	-1048.609	-1237.021	188.4123	2.124008	0.854737	0.3059041
864	-1034.2	-1222.903	188.7034	2.170844	0.5906818	0.3059041
870	-1045.55	-1233.747	188.1964	2.170844	0.9441003	0.259178
876	-1034.678	-1222.919	188.2406	2.126988	1.051164	0.3377959
882	-1037.992	-1226.347	188.3549	2.126988	0.9306181	0.3305305
888	-1036.526	-1224.729	188.2029	2.070995	1.166682	0.3525537
894	-1040.119	-1228.663	188.5443	2.070995	0.8584321	0.40652
900	-1049.431	-1238.292	188.8619	2.049686	0.6205355	0.4009879
906	-1046.524	-1235.452	188.9282	1.976578	0.640971	0.4799593
912	-1043.27	-1232.287	189.0171	1.986212	0.5730083	0.4872475
918	-1034.045	-1223.128	189.0833	1.986212	0.5222536	0.5845094
924	-1031.965	-1220.588	188.6232	1.862531	0.9995263	0.5115882
930	-1040.149	-1228.899	188.7493	1.752434	0.9370697	0.6718263
936	-1045.258	-1234.454	189.1956	1.690865	0.5529657	0.8230223
942	-1061.072	-1250	188.9275	1.796299	0.7468876	0.6612606
948	-1062.578	-1251.609	189.0305	2.063544	0.5133623	0.4644219
954	-1056.07	-1245.103	189.0326	2.063544	0.5133623	0.4833577
960	-1034.638	-1223.726	189.088	1.883831	0.5735808	0.6348524
966	-1036.813	-1225.21	188.3973	2.154421	0.9070373	0.3870183
972	-1048.262	-1237.088	188.8265	2.002546	0.6912357	0.4366674
978	-1045.632	-1234.341	188.7096	2.078206	0.7231459	0.4366674
984	-1043.919	-1233.043	189.1242	2.078206	0.4419665	0.595977
990	-1054.635	-1243.092	188.4575	1.978836	1.024241	0.3960045
996	-1050.436	-1239.4	188.9638	1.975203	0.6103777	0.5730679
1002	-1046.16	-1235.139	188.9781	1.870098	0.6763714	0.5709573
1008	-1038.988	-1228.085	189.0973	1.890115	0.57768	0.5709573
1014	-1039.11	-1228.146	189.036	1.919715	0.573348	0.6702453
1020	-1042.26	-1231.415	189.1555	1.919715	0.5094332	0.6276872
1026	-1039.553	-1228.488	188.9351	1.557856	0.5570448	1.208862
1032	-1037.127	-1225.645	188.518	1.446303	0.7883571	1.385632
1038	-1039.217	-1227.984	188.7668	1.295459	0.7093637	1.385632
1044	-1040.219	-1228.84	188.6214	1.203079	0.6370248	1.636015
1050	-1039.828	-1227.846	188.018	1.337967	0.9507599	1.702506
1056	-1035.636	-1223.831	188.1955	1.086629	1.023849	1.702506
1062	-1034.916	-1223.709	188.7931	1.521049	0.9079077	0.9591739
1068	-1041.628	-1230.747	189.1191	1.428464	0.5408342	1.183523
1074	-1040.937	-1229.853	188.9154	1.598239	0.7733885	0.9094115
1080	-1035.756	-1224.572	188.8162	1.639801	0.8626438	0.8562266
1086	-1031.527	-1220.331	188.8046	1.639801	0.8626438	0.8700787
1092	-1033.977	-1223.043	189.066	1.508313	0.6826703	0.9673697
1098	-1033.059	-1221.738	188.6797	1.526032	1.005085	0.9673697
1104	-1038.284	-1227.179	188.8952	1.33545	0.9803184	0.9673697
1110	-1051.472	-1240.16	188.6881	1.506739	0.8295345	1.155396
1116	-1060.411	-1247.805	187.3944	1.031788	1.453253	2.036182
1122	-1056.779	-1244.129	187.3496	0.7929436	0.8018032	2.604016
1128	-1051.857	-1239.925	188.0678	1.160126	0.9755258	1.774513
1134	-1046.017	-1234.304	188.2878	1.332829	0.5470041	1.871211
1140	-1041.118	-1229.318	188.2002	1.434178	1.3158	1.236309
1146	-1034.279	-1223.009	188.7296	1.425158	0.7834895	1.236309
1152	-1035.155	-1223.812	188.6563	1.65215	0.7921044	1.092506
1158	-1042.203	-1230.922	188.7195	1.676664	0.8323136	0.9610511
1164	-1056.234	-1243.3	187.0664	1.226811	1.020246	2.362584
1170	-1044.338	-1233.317	188.9792	1.851809	0.6890322	0.5726778
1176	-1034.41	-1223.361	188.951	1.864675	0.6890322	0.6202383
1182	-1033.975	-1222.956	188.9801	1.903332	0.6545967	0.4599555
1188	-1036.436	-1225.651	189.2147	1.731893	0.4848154	0.8831164
1194	-1040.885	-1229.521	188.6364	1.650025	0.9253733	0.968575
1200	-1047.139	-1236.082	188.9429	1.528533	0.4606278	1.355926
1206	-1050.335	-1239.015	188.6806	1.528533	1.086252	0.8778678
1212	-1048.201	-1237.262	189.0615	1.476642	0.6000031	1.112869
1218	-1041.039	-1229.792	188.7531	1.476642	0.8767712	1.075538
1224	-1041.704	-1229.959	188.255	1.30297	0.8767712	1.614598
1230	-1050.103	-1238.428	188.325	1.275161	0.9054256	1.560988
1236	-1045.018	-1233.431	188.4129	1.340101	1.078179	1.309812
1242	-1049.602	-1237.825	188.2226	1.138695	0.629084	1.964661
1248	-1056.75	-1244.206	187.4567	1.165286	1.03156	2.144142
1254	-1042.292	-1231.379	189.0877	1.424732	0.5224532	1.23829
1260	-1055.052	-1242.537	187.4851	0.9250235	1.379484	2.084145
1266	-1052.797	-1239.81	187.0133	0.9175938	0.8603084	2.693076
1272	-1059.529	-1247.402	187.8733	0.8511834	0.9260852	2.147231
1278	-1055.469	-1242.366	186.8964	0.8129751	1.45185	2.497117
1284	-1040.072	-1228.955	188.8832	1.21049	0.6835698	1.387401
1290	-1039.9	-1226.866	186.9654	0.9979284	0.6867251	2.801899
1296	-1033.382	-1220.866	187.484	0.9445357	0.9157825	2.344648
1302	-1033.416	-1220.423	187.0075	0.9269174	0.6669241	2.83557
1308	-1027.499	-1214.563	187.0641	0.7472896	0.7627706	2.83557
1314	-1029.501	-1215.737	186.2358	0.6958783	0.7627706	3.360353
1320	-1033.41	-1220.742	187.332	0.8968966	0.7627706	2.579546
1326	-1034.494	-1221.451	186.9572	1.029955	0.769683	2.723273
1332	-1032.336	-1220.417	188.081	0.9953578	0.6142155	2.166606
1338	-1029.408	-1216.793	187.385	0.9240758	0.7744953	2.52079
1344	-1037.871	-1225.573	187.7018	1.015063	1.141577	2.013573
1350	-1041.898	-1229.005	187.1071	0.8833362	0.9302477	2.609525
1356	-1049.643	-1237.244	187.6011	1.043564	0.7616553	2.319079
1362	-1048.927	-1236.486	187.5589	1.004309	1.316112	2.016299
1368	-1046.209	-1234.194	187.9846	1.016318	0.8550086	2.016299
1374	-1043.244	-1231.254	188.0102	1.018165	0.8308368	2.016299
1380	-1057.351	-1245.849	188.4973	0.9196925	0.8308368	1.751623
1386	-1051.995	-1239.65	187.6552	0.9588726	0.9707154	2.188818
1392	-1047.418	-1235.683	188.2648	0.8545052	0.9707154	1.852878
1398	-1046.564	-1234.855	188.2906	1.174614	0.7120586	1.818264
1404	-1042.847	-1231.263	188.416	1.098001	0.8953237	1.631644
1410	-1042.986	-1230.799	187.8132	1.077568	1.348854	1.77589
1416	-1040.856	-1229.138	188.2814	1.148912	0.7897473	1.77589
1422	-1034.969	-1223.505	188.5364	1.185973	0.8569442	1.509892
1428	-1040.958	-1229.307	188.3491	0.9601797	0.5173804	2.110546
1434	-1032.598	-1219.983	187.3851	0.7753357	1.296674	2.289078
1440	-1045.802	-1232.491	186.6887	0.7761256	1.230583	2.757709
1446	-1052.139	-1240.247	188.1083	1.190641	0.8757463	1.798666
1452	-1038.052	-1226.076	188.0234	1.104762	0.9042072	1.894423
1458	-1031.507	-1220.077	188.5702	1.189928	0.7300097	1.593368
1464	-1048.258	-1236.23	187.9724	1.12794	0.7557952	2.027705
1470	-1036.901	-1225.224	188.3231	1.065493	0.548833	2.025395
1476	-1050.481	-1239.19	188.7094	1.202573	0.8727972	1.350475
1482	-1060.592	-1246.927	186.3349	0.8722441	1.021293	3.029418
1488	-1060.526	-1247.194	186.6677	0.9607754	1.153645	2.698766
1494	-1050.064	-1238.707	188.6423	1.27407	0.9415626	1.287351
1500	-1044.592	-1233.129	188.5365	1.379803	0.9415626	1.287351
1506	-1045.795	-1234.247	188.4525	1.294625	0.9254904	1.434526
1512	-1045.339	-1233.931	188.5921	1.311671	0.9254904	1.311305
1518	-1040.774	-1229.26	188.486	1.41226	0.7949555	1.430732
1524	-1038.548	-1226.817	188.2695	1.207856	0.7613153	1.767024
1530	-1043.668	-1231.936	188.2679	1.133909	1.215559	1.486731
1536	-1046.506	-1234.38	187.8747	1.096235	1.112423	1.860247
1542	-1044.737	-1233.052	188.3151	1.004377	0.7612386	1.875878
1548	-1039.9	-1227.207	187.3065	0.9669775	0.9830236	2.398601
1554	-1057.405	-1245.957	188.5525	1.127202	0.8816808	1.521251
1560	-1045.941	-1233.413	187.4722	1.081913	1.092729	2.150283
1566	-1054.895	-1242.504	187.6083	1.111615	0.7588067	2.273257
1572	-1047.64	-1236.153	188.5127	1.205055	0.6691961	1.680894
1578	-1048	-1236.587	188.587	1.205189	0.9136871	1.409527
1584	-1043.891	-1232.453	188.5612	1.205189	0.8730883	1.463136
1590	-1034.967	-1223.315	188.3487	1.194184	0.8730883	1.628454
1596	-1044.942	-1232.246	187.3041	1.073825	0.6193216	2.604171
1602	-1041.376	-1229.01	187.6335	1.073416	1.004735	2.105866
1608	-1047.396	-1235.082	187.686	1.073416	0.9940892	2.078416
1614	-1049.044	-1237.853	188.8089	1.200832	0.5995165	1.539763
1620	-1040.585	-1229.244	188.6585	1.324336	0.828303	1.334003
1626	-1047.459	-1236.384	188.925	1.429421	0.5366431	1.348734
1632	-1039.621	-1228.225	188.604	1.512239	0.8571091	1.196542
1638	-1037.9	-1226.83	188.9297	1.345988	0.7527544	1.164727
1644	-1048.983	-1237.223	188.2398	1.266786	0.6851487	1.813893
1650	-1045.75	-1233.73	187.9797	1.208512	0.9587942	1.813893
1656	-1052.384	-1240.405	188.0207	1.173352	1.296716	1.590076
1662	-1045.173	-1233.674	188.5007	1.300748	0.7839182	1.514026
1668	-1056.89	-1245.259	188.3694	1.180546	0.8708762	1.625091
1674	-1040.413	-1228.739	188.3254	1.172697	0.9202397	1.623799
1680	-1047.732	-1235.961	188.2287	1.445639	1.034555	1.40523
1686	-1035.939	-1223.983	188.0444	1.160024	1.034555	1.749876
1692	-1040.511	-1229.048	188.5373	1.392396	1.079646	1.160056
1698	-1045.835	-1234.42	188.5851	1.535042	0.7951598	1.253618
1704	-1039.622	-1228.321	188.6986	1.457152	0.7902838	1.228618
1710	-1046.423	-1234.879	188.456	1.432144	1.331891	0.9937165
1716	-1043.506	-1231.938	188.4319	1.432144	1.093409	1.205707
1722	-1040.105	-1228.814	188.7083	1.562704	0.9474445	0.9604774
1728	-1038.623	-1227.42	188.7973	1.562704	0.8463149	0.9818943
1734	-1039.376	-1228.018	188.6418	2.043139	0.8137139	0.4734608
1740	-1047.339	-1236.085	188.746	1.560788	0.9755779	0.890001
1746	-1043.888	-1232.635	188.7476	1.450462	0.9755779	1.005317
1752	-1054.903	-1243.636	188.7332	1.538598	0.9021834	1.008475
1758	-1050.818	-1239.116	188.2982	1.296811	1.201722	1.346657
1764	-1050.184	-1239.034	188.8504	1.488047	0.768999	1.090443
1770	-1059.06	-1245.71	186.6505	1.012137	0.953862	2.79549
1776	-1054.965	-1242.578	187.6122	1.012137	0.9245917	2.213228
1782	-1054.781	-1243.787	189.0055	1.589472	0.7026999	0.9173762
1788	-1059.275	-1248.356	189.0815	1.654947	0.6212577	0.8824443
1794	-1048.389	-1237.582	189.1934	1.654947	0.5458257	0.8824443
1800	-1044.838	-1234.069	189.2311	1.626841	0.5093134	0.9363982
1806	-1036.527	-1225.265	188.7382	1.683617	0.8808692	0.8728751
1812	-1039.51	-1228.296	188.7857	1.703451	0.7659142	0.9457912
1818	-1042.206	-1230.997	188.7911	1.732388	0.8420094	0.8004985
1824	-1041.852	-1230.505	188.6531	1.625918	1.219046	0.5435285
1830	-1044.439	-1232.958	188.5192	1.862568	1.094066	0.4239829
1836	-1049.836	-1238.53	188.6945	1.769587	1.021223	0.485355
1842	-1067.667	-1255.33	187.6635	1.122078	1.011383	2.049737
1848	-1061.517	-1249.398	187.8808	1.336986	0.8542277	1.870881
1854	-1056.503	-1244.501	187.9981	2.096454	1.451067	0.4742499
1860	-1046.127	-1234.922	188.7957	1.706768	0.9437123	0.6563918
1866	-1043.331	-1232.33	188.9982	1.603117	0.7664874	0.8148619
1872	-1041.46	-1230.391	188.9308	1.410827	0.7825818	1.072236
1878	-1039.934	-1228.44	188.5061	1.339984	1.305922	1.055312
1884	-1036.767	-1225.379	188.6119	1.255631	0.9682294	1.304601
1890	-1038.03	-1226.568	188.5378	1.329715	0.9682294	1.304601
1896	-1041.577	-1230.305	188.7279	1.235903	0.877659	1.304601
1902	-1046.834	-1234.109	187.2756	0.9732361	1.307157	2.226782
1908	-1042.067	-1230.042	187.9748	0.9732361	1.195997	1.824504
1914	-1049.507	-1237.875	188.3686	1.347012	0.9932628	1.404932
1920	-1043.59	-1231.373	187.783	0.9580082	1.16781	1.981794
1926	-1045.325	-1233.967	188.6424	1.028397	0.8493822	1.554456
1932	-1042.018	-1229.452	187.4346	0.9353754	0.8493822	2.427835
1938	-1044.871	-1233.412	188.5412	0.9826076	0.7189561	1.771564
1944	-1042.885	-1231.156	188.271	1.184713	0.7659375	1.778146
1950	-1046.355	-1233.965	187.6097	1.169291	1.085564	2.006608
1956	-1044.16	-1231.676	187.5153	0.8147793	1.062008	2.313352
1962	-1036.795	-1224.574	187.7788	1.075754	1.106527	1.942933
1968	-1034.675	-1222.765	188.0902	0.956587	0.7648355	2.055853
1974	-1032.251	-1220.958	188.7074	1.072374	0.7765649	1.536744
1980	-1031.284	-1220.19	188.9053	1.087229	0.7207586	1.428376
1986	-1020.698	-1209.691	188.9927	1.489402	0.6632543	1.082838
1992	-1030.707	-1219.663	188.956	1.432172	0.3305583	1.610435
1998	-1028.019	-1217.102	189.083	1.722376	0.4528673	1.083752
2004	-1033.341	-1222.594	189.2524	1.742065	0.4160371	0.9644418
2010	-1042.721	-1231.648	188.9276	1.774022	0.7981557	0.5396108
2016	-1046.544	-1235.557	189.0127	1.771034	0.6868891	0.6933311
2022	-1035.321	-1224.293	188.9718	1.869987	0.6868891	0.4709483
2028	-1039.157	-1228.083	188.9253	1.821043	0.7473349	0.6062304
2034	-1036.312	-1224.948	188.6365	1.714491	0.9805453	0.8312507
2040	-1036.499	-1225.498	188.9991	1.599431	0.851247	0.66508
2046	-1039.511	-1228.577	189.0657	1.731193	0.6056658	0.8368322
2052	-1039.969	-1229.162	189.1927	1.731193	0.6018931	0.6487718
2058	-1046.802	-1235.733	188.9308	1.9851	0.632292	0.4710028
2064	-1052.472	-1241.128	188.6568	1.987493	0.8494589	0.4766026
2070	-1059.776	-1248.766	188.9901	1.364127	0.8356308	1.000052
2076	-1051.522	-1240.22	188.6976	1.242246	1.099286	1.134742
2082	-1050.455	-1238.788	188.3324	1.366743	0.8709976	1.515523
2088	-1040.714	-1229.116	188.4021	1.257457	0.9497756	1.481786
2094	-1040.6	-1228.91	188.3098	1.1094	0.7980482	1.776778
2100	-1034.491	-1222.97	188.4794	1.106013	0.9235398	1.557604
2106	-1034.77	-1223.403	188.6327	1.136478	0.882981	1.452744
2112	-1027.836	-1216.068	188.2313	1.06217	0.9493674	1.747495
2118	-1032.931	-1221.6	188.6689	1.074488	0.5896479	1.741822
2124	-1035.4	-1223.813	188.4128	1.177045	0.7006828	1.741822
2130	-1046.634	-1235.703	189.0691	1.840826	0.6169629	0.6313657
2136	-1040.005	-1228.512	188.5069	1.75761	1.197358	0.6483958
2142	-1047.186	-1235.925	188.7392	1.61145	0.9267832	0.8978025
2148	-1055.002	-1244.06	189.0582	1.797574	0.6612642	0.6122379
2154	-1059.008	-1247.916	188.9077	1.656742	0.8401095	0.7454793
2160	-1061.854	-1250.987	189.1329	1.65941	0.5830015	0.881955
2166	-1060.472	-1249.652	189.1796	1.65941	0.5521837	0.881955
2172	-1057.137	-1246.406	189.2689	1.495609	0.5673603	0.938834
2178	-1049.026	-1238.106	189.0792	1.771354	0.4939442	0.9708918
2184	-1047.285	-1236.427	189.1424	1.82163	0.5722699	0.6566774
2190	-1065.138	-1252.786	187.6484	0.9238881	1.112963	2.126124
2196	-1063.651	-1251.542	187.8905	0.9135182	0.917241	2.101348
2202	-1044.158	-1232.357	188.1994	1.24247	1.409511	1.333253
2208	-1035.832	-1223.832	187.9992	1.025652	0.8451784	2.007752
2214	-1030.227	-1218.252	188.0254	1.13887	0.9146226	1.862206
2220	-1030.528	-1218.182	187.6535	0.9871578	0.7769224	2.309802
2226	-1047.587	-1235.889	188.3022	0.9222431	1.084737	1.7019
2232	-1047.103	-1233.897	186.7935	0.7630042	1.509111	2.56589
2238	-1035.69	-1223.289	187.5986	0.8866379	0.8522842	2.352865
2244	-1043.478	-1230.899	187.4212	0.9326027	0.9159215	2.391927
2250	-1038.481	-1226.542	188.061	1.155878	0.792275	1.920162
2256	-1035.098	-1222.773	187.6744	1.155878	1.170506	1.920162
2262	-1035.223	-1223.038	187.8142	1.149435	1.271717	1.768905
2268	-1045.271	-1234.001	188.7297	1.348831	0.3661841	1.776692
2274	-1046.051	-1234.349	188.2971	1.164091	0.4216394	2.119515
2280	-1042.432	-1231.318	188.8866	1.316702	0.4757185	1.540843
2286	-1035.506	-1223.784	188.2781	1.225151	1.089311	1.495872
2292	-1037.508	-1225.281	187.7722	1.118926	0.7253238	2.189848
2298	-1035.192	-1223.384	188.1921	1.203535	0.4561155	2.1216
2304	-1036.374	-1224.336	187.9626	1.203779	0.4992686	2.222677
2310	-1036.554	-1224.071	187.5167	0.9963056	1.467536	1.971172
2316	-1036.281	-1223.091	186.8098	0.9070383	1.216655	2.610212
2322	-1037.996	-1225.812	187.8165	1.061748	0.4990153	2.406742
2328	-1031.519	-1218.909	187.39	1.041333	0.7470427	2.46537
2334	-1035.43	-1223.762	188.3318	1.038477	0.886613	1.740618
2340	-1031.193	-1218.474	187.2808	0.9262489	1.168628	2.329133
2346	-1029.986	-1218.363	188.377	1.138813	0.6437404	1.84605
2352	-1040.819	-1229.828	189.0086	1.278098	0.8062649	1.09715
2358	-1040.397	-1229.094	188.6972	1.359052	0.8062649	1.295409
2364	-1049.16	-1238.079	188.9192	1.569239	0.7344603	0.9868415
2370	-1036.92	-1225.413	188.4937	1.48816	1.135247	1.065851
2376	-1031.149	-1219.958	188.8092	1.48816	0.82604	1.065851
2382	-1032.328	-1221.239	188.911	1.474633	0.7520354	1.065851
2388	-1037.938	-1226.577	188.6388	1.656057	0.8281415	1.065851
2394	-1049.279	-1238.108	188.8287	1.502592	0.9106236	0.9379298
2400	-1043.697	-1232.704	189.0067	1.502592	0.7559549	0.9373678
2406	-1033.343	-1222.001	188.6579	1.525846	0.8751318	1.119525
2412	-1035.717	-1224.306	188.5889	1.391463	0.8635952	1.303788
2418	-1025.657	-1214.733	189.0753	1.384292	0.396102	1.457275
2424	-1029.609	-1218.605	188.9959	1.557832	0.3787959	1.411171
2430	-1035.102	-1224.392	189.2899	1.646957	0.4411321	0.9762864
2436	-1035.878	-1224.971	189.0929	1.791929	0.6519038	0.5553603
2442	-1039.816	-1228.585	188.7689	1.861601	0.862692	0.5033557
2448	-1042.679	-1231.827	189.148	1.861601	0.559869	0.5881104
2454	-1043.823	-1232.866	189.0435	1.756534	0.7019613	0.6170332
2460	-1047.72	-1236.331	188.6104	1.948171	0.9211905	0.5667976
2466	-1044.416	-1233.372	188.9563	1.82616	0.7341329	0.4906801
2472	-1044.173	-1233.134	188.9617	2.073362	0.5521462	0.4871295
2478	-1041.158	-1229.616	188.4576	2.073362	0.9053405	0.3546371
2484	-1041.755	-1230.183	188.4286	2.239999	0.7840779	0.3546371
2490	-1043.902	-1232.299	188.3966	2.247627	0.8060524	0.3566748
2496	-1056.99	-1246.139	189.1495	2.050155	0.4524839	0.5131668
2502	-1044.711	-1232.926	188.215	1.911377	1.362322	0.6509437
2508	-1040.386	-1229.082	188.6962	1.494217	1.19435	0.7776287
2514	-1047.645	-1236.111	188.4659	1.494217	1.02997	1.175184
2520	-1046.298	-1234.995	188.6969	1.360748	0.8967677	1.20923
2526	-1055.927	-1244.467	188.5403	1.524362	1.040818	1.071384
2532	-1046.56	-1235.309	188.7491	1.39943	0.8809694	1.145225
2538	-1042.193	-1230.811	188.6177	1.357955	1.049041	1.145225
2544	-1062.476	-1251.552	189.0769	1.304769	0.6615617	1.175118
2550	-1055.749	-1244.188	188.4382	1.179933	0.8372952	1.603049
2556	-1055.782	-1244.22	188.4377	1.179933	1.038014	1.446314
2562	-1034.243	-1222.81	188.5663	1.137275	0.7584432	1.608793
2568	-1038.97	-1226.839	187.8683	1.146231	0.9756293	1.920727
2574	-1054.702	-1242.535	187.8333	1.164395	0.9922487	1.920727
2580	-1041.523	-1230.28	188.7568	1.258158	0.7274223	1.40448
2586	-1037.938	-1226.192	188.2546	1.219974	0.9618769	1.609282
2592	-1034.379	-1222.938	188.5587	1.303304	1.132811	1.176146
2598	-1037.201	-1225.413	188.2127	1.130389	1.494157	1.361096
2604	-1027.729	-1216.76	189.0308	1.563195	0.646193	0.9975586
2610	-1028.564	-1217.072	188.5074	1.519471	1.028411	1.117295
2616	-1027.343	-1215.5	188.1569	1.107709	1.100628	1.662766
2622	-1033.798	-1221.726	187.9282	1.067436	1.005664	1.913038
2628	-1045.768	-1234.011	188.2439	1.207997	1.005664	1.593568
2634	-1047.825	-1235.538	187.7129	1.20144	0.8939492	2.04518
2640	-1050.715	-1239.327	188.6122	1.251538	1.169984	1.145241
2646	-1047.244	-1235.566	188.3223	1.18081	1.051791	1.522625
2652	-1038.628	-1226.61	187.9825	0.925933	0.880835	2.058567
2658	-1040.476	-1228.093	187.6175	0.8313689	0.9365111	2.317762
2664	-1042.427	-1230.147	187.7196	1.059395	0.9192409	2.116381
2670	-1046.609	-1233.791	187.1826	1.028302	1.642139	2.088829
2676	-1045.487	-1233.767	188.2802	1.277326	0.7230437	1.74437
2682	-1042.676	-1231.117	188.4409	1.277326	1.020337	1.381867
2688	-1049.232	-1237.491	188.2591	0.9811914	1.025297	1.731021
2694	-1048.715	-1236.852	188.1375	0.9407609	1.025297	1.843537
2700	-1051.474	-1239.469	187.9947	1.009354	0.8062645	2.051368
2706	-1051.109	-1238.963	187.8549	0.9758481	1.063598	1.985989
2712	-1041.665	-1229.681	188.0159	1.06929	1.125999	1.772801
2718	-1035.054	-1223.012	187.9583	1.134457	0.7225637	2.060277
2724	-1040.536	-1228.847	188.3107	1.175151	0.704257	1.810947
2730	-1037.935	-1226.7	188.7644	1.115137	0.8738237	1.375173
2736	-1030.907	-1219.843	188.9362	1.353303	0.6946515	1.216405
2742	-1034.048	-1222.607	188.5595	1.489379	1.172081	0.9673691
2748	-1048.209	-1236.448	188.2393	1.611649	1.615341	0.7950843
2754	-1052.444	-1241.113	188.6688	1.604536	1.125771	0.7462203
2760	-1044.352	-1233.14	188.7884	1.619097	0.9470987	0.8027426
2766	-1044.759	-1233.23	188.4711	1.643586	1.319155	0.7342251
2772	-1057.003	-1245.84	188.8371	1.569619	0.6808774	1.130065
2778	-1058.541	-1247.633	189.0926	1.564954	0.7173657	0.8213198
2784	-1060.004	-1248.188	188.1843	1.25268	1.224904	1.45401
2790	-1060.736	-1249.354	188.6179	1.27374	1.04252	1.223411
2796	-1065.49	-1254.448	188.9584	1.27374	0.7329074	1.223411
2802	-1062.239	-1250.82	188.5809	1.278185	1.136196	1.175978
2808	-1053.597	-1241.642	188.0457	1.118065	1.186589	1.679298
2814	-1043.627	-1232.724	189.0966	1.846861	0.5505475	0.7497659
2820	-1047.582	-1236.743	189.1611	1.654083	0.6098089	0.8057958
2826	-1045.712	-1234.468	188.7559	1.660247	1.00506	0.7015148
2832	-1040.945	-1229.582	188.6361	1.341351	0.5895018	1.574345
2838	-1044.008	-1231.783	187.7745	1.128629	0.907499	2.042908
2844	-1051.098	-1240.092	188.9939	1.485114	0.6700119	1.077247
2850	-1054.431	-1241.737	187.3061	1.016038	1.004145	2.354335
2856	-1058.221	-1246.252	188.0313	0.9516537	0.7694788	2.09418
2862	-1057.264	-1245.295	188.0312	1.477795	1.459902	1.247168
2868	-1043.317	-1232.25	188.9328	1.206104	0.7994025	1.23374
2874	-1034.728	-1223.687	188.9589	1.183628	0.7067005	1.324765
2880	-1035.897	-1224.708	188.8107	1.266965	0.7933268	1.290421
2886	-1036.58	-1225.27	188.6901	1.269213	0.8976797	1.290421
2892	-1053.227	-1240.549	187.3221	1.161409	1.103234	2.189759
2898	-1055.114	-1243.701	188.5872	1.34122	1.040419	1.193763
2904	-1059.988	-1249.175	189.1873	1.537033	0.6212504	0.8962335
2910	-1050.963	-1239.858	188.8955	1.650166	0.8851668	0.693778
2916	-1033.934	-1222.755	188.8211	1.799489	0.8489823	0.6212493
2922	-1034.312	-1223.138	188.8257	1.985063	0.7120544	0.5002834
2928	-1043.333	-1232.101	188.7686	2.04058	0.6762976	0.3601511
2934	-1056.414	-1245.038	188.6233	2.170054	0.6762976	0.341516
2940	-1050.568	-1238.992	188.4234	2.061562	0.8773527	0.2869122
2946	-1051.703	-1239.806	188.1027	2.44679	0.7572644	0.2444687
2952	-1043.527	-1232.062	188.5345	1.461258	0.7706852	1.377648
2958	-1041.296	-1229.9	188.6041	1.351357	0.9891035	1.214103
2964	-1056.323	-1244.95	188.6266	1.42034	0.6583462	1.449644
2970	-1054.239	-1242.949	188.7099	1.498229	0.6460168	1.337077
2976	-1049.721	-1238.695	188.9733	1.436841	0.6049571	1.218657
2982	-1044.19	-1233.056	188.8659	1.36244	0.8486643	1.105815
2988	-1042.246	-1230.537	188.291	1.446904	1.15457	1.264626
2994	-1040.754	-1229.551	188.7972	1.457016	0.8069493	1.125879
3000	-1043.316	-1232.108	188.7921	1.494034	0.7801287	1.125879
3006	-1047.336	-1236.517	189.1813	1.475128	0.5777995	1.032655
3012	-1036.329	-1224.692	188.3628	1.393775	1.357025	1.10049
3018	-1035.674	-1224.43	188.7555	1.535299	0.799655	1.10049
3024	-1034.797	-1222.983	188.1864	1.477286	1.478058	1.10049
3030	-1033.05	-1222.188	189.1377	1.68027	0.6114113	0.7991448
3036	-1033.991	-1222.717	188.7264	1.624521	1.029764	0.7656747
3042	-1042.152	-1231.375	189.2232	1.624521	0.6601183	0.6364805
3048	-1038.79	-1227.89	189.0999	1.408584	0.6584319	1.064281
3054	-1040.603	-1228.948	188.345	1.368344	0.9596595	1.433087
3060	-1039.088	-1227.439	188.3511	1.432821	0.6501579	1.652069
3066	-1037.243	-1225.368	188.1253	1.117148	0.6264242	2.046361
3072	-1044.974	-1232.556	187.5823	1.225908	0.6371358	2.318342
3078	-1043.18	-1231.582	188.4021	1.000445	0.9755777	1.651163
3084	-1039.998	-1228.167	188.1692	1.124549	0.8711161	1.805789
3090	-1043.227	-1231.487	188.2597	1.239807	0.7256879	1.782521
3096	-1037.988	-1226.165	188.1771	1.15706	0.8765485	1.773589
3102	-1038.057	-1225.827	187.7704	1.346546	1.09053	1.773589
3108	-1053.746	-1242.397	188.6515	1.619372	0.7290196	1.194648
3114	-1051.728	-1240.701	188.9733	1.517724	0.8160818	0.8775496
3120	-1049.782	-1238.445	188.6632	1.557832	0.901085	1.058772
3126	-1053.417	-1242.317	188.8996	1.576666	0.8468298	0.8533188
3132	-1060.895	-1249.787	188.892	2.129602	0.560939	0.4884713
3138	-1050.41	-1239.172	188.7621	1.93507	0.7966535	0.5712572
3144	-1037.666	-1226.681	189.0146	1.685261	0.745179	0.709487
3150	-1038.321	-1227.082	188.7612	1.68402	0.9716106	0.709487
3156	-1044.346	-1232.747	188.4007	1.726332	1.347798	0.6730488
3162	-1031.459	-1220.273	188.8136	1.538501	0.7092772	1.145649
3168	-1026.874	-1215.295	188.4214	1.180261	0.9548509	1.521267
3174	-1029.119	-1217.783	188.6635	1.185268	1.019178	1.278135
3180	-1023.495	-1211.728	188.2328	1.1512	0.7588019	1.833771
3186	-1030.173	-1218.473	188.3006	1.120184	0.54652	2.006414
3192	-1038.808	-1227.185	188.3775	1.086614	0.54652	1.977455
3198	-1041.224	-1230.399	189.1757	1.506604	0.54652	1.053577
3204	-1041.946	-1230.707	188.761	1.761654	0.9489585	0.591579
3210	-1034.977	-1223.714	188.7372	1.822592	0.9137129	0.591579
3216	-1037.902	-1226.719	188.818	1.719605	0.9251158	0.6204153
3222	-1039.568	-1228.37	188.8027	1.719605	0.8958436	0.714034
3228	-1042.502	-1231.525	189.0234	1.719605	0.7089451	0.714034
3234	-1050.454	-1238.938	188.4841	1.470935	1.051844	1.161044
3240	-1047.772	-1236.243	188.4712	1.585126	1.254369	0.8817355
3246	-1042.814	-1231.851	189.0369	1.393692	0.8826453	0.8602015
3252	-1047.377	-1236.063	188.6862	1.549997	1.185199	0.7207303
3258	-1040.638	-1229.598	188.9606	1.717633	0.7758164	0.6811247
3264	-1044.661	-1233.444	188.7831	1.717633	0.9334597	0.6811247
3270	-1056.168	-1245.242	189.0732	1.608461	0.7548376	0.7198498
3276	-1055.51	-1244.184	188.674	1.7122	0.9914524	0.7695324
3282	-1040.103	-1229.056	188.9529	1.753754	0.7527029	0.6807356
3288	-1037.048	-1225.903	188.8541	1.538428	0.7903469	1.014384
3294	-1050.62	-1238.786	188.1657	1.429709	0.7903469	1.658893
3300	-1041.897	-1230.277	188.3801	1.166292	0.9551514	1.561942
3306	-1050.142	-1239.034	188.8924	1.349635	0.9551514	0.9821374
3312	-1050.3	-1239.388	189.0878	1.674025	0.6978908	0.706497
3318	-1062.283	-1251.012	188.7287	1.674025	1.06892	0.5935575
3324	-1035.79	-1224.659	188.8693	1.83471	0.7909702	0.5708117
3330	-1044.028	-1233.08	189.0521	1.797917	0.6339288	0.7032372
3336	-1039.873	-1228.931	189.058	1.685222	0.7349478	0.651811
3342	-1034.4	-1223.271	188.8714	1.607024	0.8796027	0.8044884
3348	-1035.618	-1224.17	188.5524	1.607024	1.191169	0.8226616
3354	-1042.928	-1231.894	188.9662	1.607024	0.7847055	0.8226616
3360	-1043.647	-1232.629	188.9813	1.747343	0.7691665	0.5768041
3366	-1047.551	-1236.217	188.6661	1.753314	1.040017	0.6245318
3372	-1051.254	-1239.885	188.6315	1.687358	1.149102	0.6210813
3378	-1048.183	-1236.753	188.5707	1.687358	1.213353	0.6313446
3384	-1047.468	-1236.466	188.998	2.11148	0.5031423	0.4568435
3390	-1047.964	-1236.559	188.5947	2.11148	0.7821361	0.4120726
3396	-1048.549	-1236.816	188.2668	2.11148	1.030284	0.328294
3402	-1048.648	-1237.532	188.884	1.556365	0.7890999	0.9676555
3408	-1046.842	-1236.118	189.2761	1.716691	0.4668129	0.8651535
3414	-1048.394	-1237.105	188.7115	1.665949	1.017883	0.7436494
3420	-1045.994	-1234.825	188.8315	1.790305	0.7918134	0.7436494
3426	-1050.955	-1239.956	189.0011	1.790305	0.7115555	0.6067793
3432	-1047.565	-1235.609	188.0436	2.147656	1.147869	0.2713039
3438	-1044.392	-1232.441	188.0494	2.147656	1.143064	0.2721426
3444	-1049.053	-1237.567	188.5142	2.147656	0.7938159	0.3606942
3450	-1046.983	-1235.343	188.3596	1.425986	1.283713	1.128041
3456	-1038.203	-1226.852	188.6495	1.602021	1.016694	0.9058162
3462	-1031.171	-1220.06	188.8899	1.950279	0.6888173	0.5205374
3468	-1035.185	-1224.291	189.1058	1.88026	0.5413142	0.7045151
3474	-1037.465	-1225.989	188.5244	1.88026	1.082234	0.5239331
3480	-1033.831	-1222.856	189.0252	1.931731	0.5951725	0.5880691
3486	-1033.516	-1222.347	188.831	1.987312	0.7061868	0.501906
3492	-1032.672	-1221.53	188.858	1.941845	0.7113322	0.5807723
3498	-1042.451	-1231.471	189.0202	1.941845	0.593066	0.5807723
3504	-1040.551	-1229.789	189.238	1.807422	0.5231531	0.6453206
3510	-1038.081	-1226.726	188.6448	1.956469	0.8611095	0.6351512
3516	-1040.544	-1229.112	188.5678	1.555803	1.169474	0.8888376
3522	-1056.543	-1245.878	189.3352	2.057941	0.1986438	1.072759
3528	-1042.039	-1231.489	189.4497	2.233465	0.2230547	0.6106824
3534	-1030.734	-1219.87	189.1361	1.84592	0.5401097	0.7145942
3540	-1038.094	-1226.995	188.9012	1.764787	0.8147804	0.6042452
3546	-1049.182	-1238.442	189.2597	1.914261	0.4469039	0.6462063
3552	-1049.609	-1238.987	189.3784	1.712218	0.4409574	0.799976
3558	-1047.884	-1236.974	189.0894	1.65934	0.5750694	0.9432846
3564	-1043.05	-1231.928	188.8776	1.559128	0.6461277	1.145248
3570	-1033.444	-1222.322	188.8776	1.795725	0.8040266	0.6186323
3576	-1043.351	-1232.423	189.0723	1.808365	0.6589079	0.5119599
3582	-1043.2	-1231.919	188.7197	1.798172	0.9678022	0.5119599
3588	-1040.22	-1229.33	189.1097	1.990066	0.5113435	0.5119599
3594	-1028.849	-1217.275	188.4256	1.180551	0.7960367	1.646345
3600	-1032.424	-1220.004	187.5796	1.048119	1.096126	2.100053
3606	-1045.93	-1233.661	187.7315	1.007372	1.268776	1.924768
3612	-1041.974	-1230.074	188.0998	0.9771646	0.9151637	1.921145
3618	-1046.644	-1234.278	187.6331	0.9552589	0.7378893	2.373568
3624	-1042.673	-1230.465	187.7924	0.9857107	0.7378893	2.252555
3630	-1047.702	-1235.599	187.897	0.9635444	0.8165567	2.137677
3636	-1041.594	-1229.839	188.2449	1.127711	0.8165567	1.794008
3642	-1041.713	-1230.079	188.3658	1.127711	0.7545056	1.761604
3648	-1050.206	-1239.257	189.0515	1.154237	0.5956386	1.395337
3654	-1045.19	-1234.235	189.0453	1.369493	0.871446	0.892987
3660	-1043.03	-1231.388	188.3586	1.15359	1.144698	1.450492
3666	-1036.306	-1224.47	188.1642	1.196504	0.8218793	1.798033
3672	-1042.115	-1230.536	188.4209	1.211856	1.058139	1.419776
3678	-1042.278	-1230.209	187.9311	1.134761	1.036203	1.844701
3684	-1051.705	-1240.68	188.9752	1.292749	0.4954947	1.467381
3690	-1044.86	-1233.59	188.7302	1.343538	0.9622008	1.134988
3696	-1051.664	-1240.365	188.7011	1.343538	0.9780623	1.146438
3702	-1052.844	-1241.057	188.2126	1.197272	0.7746652	1.802641
3708	-1060.591	-1248.411	187.8198	1.175154	0.9397761	1.958892
3714	-1050.386	-1239.32	188.9339	1.989407	0.6278164	0.5185514
3720	-1050.88	-1239.415	188.5348	1.09075	0.7741664	1.651233
3726	-1058.648	-1246.059	187.4107	1.055688	0.668395	2.507018
3732	-1052.552	-1241.453	188.9009	1.324725	0.9963995	0.955699
3738	-1050.406	-1238.827	188.4207	1.297069	0.477482	1.882142
3744	-1046.989	-1235.924	188.9348	1.61094	0.8008058	0.8332005
3750	-1043.643	-1232.541	188.898	1.680795	0.7561594	0.8586384
3756	-1039.941	-1229.119	189.1782	1.863502	0.5381218	0.5933501
3762	-1028.671	-1217.962	189.2908	1.856833	0.4767754	0.5744379
3768	-1033.01	-1221.831	188.821	1.844987	0.8296	0.4687166
3774	-1032.664	-1221.949	189.2853	1.891302	0.4575312	0.5899454
3780	-1039.054	-1228.252	189.1984	2.068518	0.4063895	0.6002083
3786	-1035.908	-1225.123	189.2151	2.068518	0.4063895	0.4774976
3792	-1029.822	-1218.515	188.6931	2.046973	0.7167472	0.3410422
3798	-1030.507	-1219.139	188.6325	2.017786	0.8290407	0.4102518
3804	-1027.703	-1216.15	188.447	2.012024	0.9994937	0.3925137
3810	-1029.792	-1218.241	188.4493	2.012024	1.001762	0.4014605
3816	-1033.409	-1222.279	188.8707	2.012024	0.657409	0.5121934
3822	-1025.681	-1214.696	189.0153	2.149173	0.4719356	0.4730611
3828	-1028.852	-1217.869	189.0168	2.149173	0.4719356	0.5029665
3834	-1042.054	-1230.243	188.1888	1.86639	1.459631	0.6426895
3840	-1029.71	-1218.796	189.0865	1.823862	0.616359	0.6324067
3846	-1026.95	-1216.139	189.1883	1.732735	0.5958316	0.6728749
3852	-1032.294	-1221.148	188.854	1.508631	1.025624	0.7545432
3858	-1033.454	-1222.197	188.7424	1.520102	0.9634471	0.9520328
3864	-1023.91	-1212.641	188.7306	1.592127	1.040134	0.7909904
3870	-1020.972	-1209.844	188.8726	1.625355	0.9095563	0.7295476
3876	-1032.87	-1221.676	188.8057	1.625355	0.9533901	0.7609681
3882	-1034.094	-1222.991	188.8975	1.419454	0.9918716	0.8588356
3888	-1031.776	-1220.478	188.7028	1.592246	1.046407	0.8194599
3894	-1030.637	-1219.599	188.9621	1.782778	0.7099914	0.7085263
3900	-1039.912	-1228.826	188.9137	1.746405	0.7221025	0.8102799
3906	-1050.086	-1239.087	189.0004	1.765404	0.6666183	0.7649614
3912	-1046.204	-1235.271	189.067	1.765404	0.6666183	0.6511391
3918	-1040.477	-1229.784	189.3069	1.782718	0.4860982	0.6794338
3924	-1044.852	-1233.396	188.5435	1.782718	1.07858	0.7322875
3930	-1049.179	-1237.61	188.4311	1.550093	1.202057	1.009157
3936	-1041.277	-1230.162	188.8847	1.483795	0.7569643	1.076171
3942	-1033.622	-1222.796	189.1747	1.934467	0.5039902	0.5391962
3948	-1034.282	-1222.902	188.6198	1.856981	1.007081	0.5298688
3954	-1040.145	-1229.029	188.8836	1.661301	0.7311679	0.932237
3960	-1046.162	-1234.531	188.3694	1.264866	1.230452	1.295163
3966	-1046.752	-1235.9	189.1481	1.315803	0.7527798	0.9886347
3972	-1043.486	-1232.452	188.9662	1.539853	0.768808	0.9238199
3978	-1038.73	-1227.772	189.0419	1.539853	0.768808	0.8361328
3984	-1039.922	-1228.669	188.7473	1.601131	0.9827287	0.8316731
3990	-1043.439	-1232.229	188.7897	1.493963	0.799867	1.106791
3996	-1041.936	-1230.633	188.6967	1.434552	0.884662	1.156952
4002	-1035.319	-1224.332	189.0133	1.371097	0.7833431	1.030593
4008	-1030.499	-1219.213	188.7136	1.435051	0.7084003	1.31805
4014	-1037.033	-1225.659	188.6258	1.054434	0.8379794	1.557067
4020	-1035.328	-1223.065	187.7364	0.9558751	1.287008	1.94596
4026	-1044.836	-1232.625	187.7895	1.140631	1.62206	1.604117
4032	-1042.368	-1230.064	187.6962	1.075168	1.370311	1.846652
4038	-1041.16	-1229.799	188.6395	1.248896	0.8479792	1.390852
4044	-1041.404	-1230.012	188.6077	1.617102	1.215403	0.6953491
4050	-1059.215	-1247.125	187.91	1.611023	1.613551	1.141432
4056	-1045.022	-1233.505	188.4827	1.40692	1.200235	1.097933
4062	-1045.721	-1234.028	188.3068	1.43032	1.073435	1.326243
4068	-1054.27	-1242.824	188.5538	1.328004	0.9287422	1.326243
4074	-1038.879	-1227.281	188.4025	1.153029	1.05344	1.482132
4080	-1064.823	-1252.869	188.0465	1.643397	1.472619	1.080033
4086	-1055.484	-1243.771	188.2864	1.203492	0.8030879	1.723132
4092	-1051.75	-1239.837	188.0867	1.136071	0.7155348	1.979814
4098	-1051.746	-1240.515	188.769	1.45041	0.8058958	1.157992
4104	-1049.921	-1238.632	188.7108	1.433274	1.008281	1.02601
4110	-1047.157	-1235.986	188.8291	1.433274	0.7248605	1.206404
4116	-1055.147	-1244.248	189.1016	1.620115	0.4228272	1.206404
4122	-1038.208	-1227.33	189.1224	1.791202	0.6199241	0.6109957
4128	-1038.096	-1227.111	189.0154	1.576284	0.5244908	1.167623
4134	-1044.173	-1232.8	188.6277	1.154991	0.7081452	1.597269
4140	-1050.444	-1239.257	188.813	1.270724	0.7081452	1.370042
4146	-1046.586	-1234.932	188.3457	1.283778	1.129891	1.370042
4152	-1049.91	-1237.928	188.0185	1.260195	0.8248108	1.85216
4158	-1039.906	-1227.97	188.064	1.162303	1.293342	1.568517
4164	-1048.29	-1236.199	187.9096	0.9833571	0.9964435	1.988258
4170	-1041.879	-1230.057	188.1778	1.179888	1.081671	1.608497
4176	-1041.05	-1229.193	188.1433	1.179888	0.9677326	1.713291
4182	-1045.413	-1233.031	187.6177	1.017824	0.9677326	2.176854
4188	-1043.638	-1231.765	188.1274	0.970906	0.8027823	1.99143
4194	-1043.198	-1231.171	187.9729	1.028161	1.095437	1.850406
4200	-1056.163	-1244.629	188.4655	1.274102	1.267359	1.180596
4206	-1062.008	-1250.396	188.388	1.285885	1.007216	1.426343
4212	-1056.323	-1244.538	188.215	0.917306	0.9319256	1.871497
4218	-1050.118	-1237.986	187.8682	1.264156	0.9319256	1.871497
